-1.9070552816185777
-0.22005020142678935
-0.28790512366706517
-0.3078351620582539
-0.32373029888404875
-0.34911565644244846
-0.3445666601247052
-0.3597917285000725
-0.35542603883887897
-0.3544692133535296
-0.3432105480296029
-0.45845703171216096
-0.4405786962865415
-0.431825987865788
-0.3892932769013061
-0.3475659733585486
-0.35574553890672284
-0.25971438324373053
-0.2349568434370888
-0.23587638342516432
-0.24100717365276533
-0.1960481399251828
-0.10402849275178731
-0.36365508778225897
-0.3741206545273854
-0.3904313140819898
-0.3777396274804532
-0.3481374100962218
-0.3424502376487848
-0.3244039931609122
-0.327544546157692
-0.31837434811341847
-0.3498111933698209
-0.3685610604844008
-0.36003265835144693
-0.33867615834838927
-0.32905853296510607
-0.30666064415506894
-0.2930095495309404
-0.28908200007870116
-0.2771345794977539
-0.2869050759147657
-0.25766565945478515
-0.24481451892952819
-0.315951922863034
-0.35232445886122143
-0.3676215085865604
-0.37146177169661426
-0.3799064590817969
-0.39116965324618236
-0.3634177853976391
-0.3863552917829681
-0.3863552917829681
-0.3873714432501959
-0.37710681618878833
-0.3959423254341257
-0.35267416354654285
-0.3260312675671126
-0.3030633605080132
-0.30200733964547255
-0.3033553480303124
-0.3033553480303124
-0.30677254994946707
-0.2788381304586079
-0.3712389183587157
-0.47608073709508325
-0.4723711140912456
-0.4749859605688364
-0.467891529435916
-0.467891529435916
-0.46067521775264897
-0.44891975121709904
-0.4369350910295652
-0.4359782655442158
-0.4280120626557082
-0.42153854033600446
-0.40708813765549595
-0.4110976211444523
-0.40291835131329273
-0.3969025693798915
-0.4048133740812061
-0.30251702038847766
-0.277759480581836
-0.27867902056991156
-0.28380981079751255
-0.23123007296628603
-0.39057841711178154
-0.3881885056209299
-0.39857425881874387
-0.42340149128359844
-0.42148244949653446
-0.4189610586122646
-0.41614763375813507
-0.41387762701651576
-0.41365950457385786
-0.41786837096059176
-0.43444830720484834
-0.43864783596027385
-0.44113047789469684
-0.42592961426771764
-0.430056611021838
-0.4266391319911871
-0.41960034459632045
-0.43413011348634134
-0.44694167593489476
-0.4440142191120212
-0.44179115089824794
-0.44814141611980207
-0.4290159256989924
-0.42377513025313635
-0.4377011196089219
-0.4303370396338335
-0.41995762799062947
-0.42926352050420574
-0.41418732946843234
-0.42518725164158705
-0.42549398825033025
-0.4285900098831934
-0.41312033161613704
-0.4127364720531775
-0.4005053082367217
-0.3983231119431905
-0.3983231119431905
-0.3858063543673103
-0.38715436275215015
-0.3695955563025179
-0.37301275822167257
-0.37301275822167257
-0.4846009215840068
-0.36891607628510487
-0.39513087875980213
-0.4273120445577899
-0.43961743866236724
-0.4356451840388238
-0.45141432110309626
-0.4531691790465379
-0.4544064076814276
-0.47073650892556035
-0.46006615868221074
-0.46016985804854754
-0.48168209199692147
-0.48130997133669434
-0.48401125986896015
-0.4801180047161738
-0.4814308162071736
-0.4982049004170022
-0.49251497301324093
-0.4881665359178238
-0.47331078954102124
-0.48110221007996673
-0.48110221007996673
-0.4819687438945499
-0.4843806246601769
-0.47071589730046653
-0.4711138650643862
-0.47213001653161396
-0.47213001653161396
-0.4739666009505515
-0.5963545100111167
-0.5959190699294457
-0.598810329079417
-0.6113270866552971
-0.6091755802400947
-0.6130181120341052
-0.5978748592693802
-0.594905437890466
-0.5830925884614441
-0.5629060023063507
-0.560223956610542
-0.5584325047669703
-0.5308028103475084
-0.5142484849050522
-0.503844734946587
-0.503844734946587
-0.5153054716599266
-0.5123086187530985
-0.4972324277173251
-0.4972324277173251
-0.49413640608446197
-0.47877510937506496
-0.46772132154866136
-0.46512757671224186
-0.45401612634556426
-0.44207453401276386
-0.4596333404623961
-0.44640086273149787
-0.44047311449504034
-0.40692544261970165
-0.40408242842166314
-0.3843506877065227
-0.3732541203779247
-0.3792317979416826
-0.31372849686931914
-0.23276447811157294
-0.19590369743458835
-0.18478313457942067
-0.17987461313408376
-0.3597284695605798
-0.3485144764194927
-0.33899533308204866
-0.394986928330835
-0.2560305356682941
-0.268571873857311
-0.2870012762273966
-0.3242108051404989
-0.2375180444735949
-0.33497092975393794
-0.1130640028359587
-0.24235707138261375
-0.02453341783867086
-0.21017590558462595
-0.18446599042418055
-0.19787051148004856
-0.20350948821081702
-0.10756691668207624
-0.2584387432212759
-0.2584387432212759
-0.2093172286535362
-0.24734217589267793
-0.171114093216981
-0.22039412349427046
-0.08116322953658284
-0.21755110929623192
-0.14074944840874343
-0.18400343742089317
-0.1403881219669358
-0.17436606618059797
-0.15955993275320385
-0.23267457606120934
-0.16668251154650365
-0.24058538076252406
-0.17093067970923634
-0.23456959882912284
-0.16307945002467833
-0.2263903289979633
-0.1685968839535536
-0.23039981248691968
-0.13746203821728512
-0.2159494098064112
-0.12891946850201141
-0.2094758874867075
-0.11624668394693718
-0.2015096845981998
-0.12567617124108799
-0.20055285911285042
-0.12837480741775142
-0.1885681989253166
-0.07145067139191504
-0.20184276610359198
-0.16715079851058273
-0.024453604291358472
-0.18607362903931948
-0.18431877109587788
-0.03297017720160865
-0.07007961102236158
-0.18308154246098818
-0.16675144121685542
-0.14416123055186753
-0.05887526793721942
-0.17742179146020504
-0.1773180920938683
-0.04374282201608124
-0.1558058581454943
-0.11877587299346774
-0.0400511689088327
-0.15617797880572146
-0.1534766902734556
-0.05709286339766074
-0.14363916030785986
-0.09881795937931655
-0.14232634881685996
-0.020803269009396032
-0.12555226460703117
-0.05139463016256578
-0.12267021118239015
-0.07183742446839929
-0.12701864827780734
-0.20132815527045847
-0.18191586731872375
-0.03347894582216588
-0.2181038529195525
-0.22049376441040416
-0.14187439465460988
-0.15724699633823638
-0.21036527151159912
-0.1295733278626647
-0.10477435494557029
-0.18964728176373952
-0.18550427828394347
-0.08485075465934294
-0.18802566916821328
-0.06416534030974738
-0.1261969945571169
-0.1897908985791259
-0.19206090532074518
-0.12562555826937855
-0.12528666069733027
-0.19115057146095857
-0.12107779431059638
-0.1869417050742247
-0.21386544253369685
-0.17036176882996812
-0.21008815206329737
-0.20261598671046113
-0.16616224007454258
-0.16113125804024644
-0.10317491450887033
-0.18900362975048918
-0.1626673943075152
-0.08072992333837321
-0.16651806317493018
-0.15854039755339483
-0.060073953901074846
-0.16180966174474426
-0.16180966174474426
-0.0531182751733627
-0.1688484491396109
-0.1688484491396109
-0.038577897091680385
-0.016775697649094
-0.035181933041103196
-0.043253989012149746
-0.049519187041885786
-0.16113358844969963
-0.043253989012149746
-0.13552726875718887
-0.14919199611689923
-0.16113358844969963
-0.043253989012149746
-0.11336203056410771
-0.049519187041885786
-0.1270267579238181
-0.13808054575022166
-0.13808054575022166
-0.043253989012149746
-0.049519187041885786
-0.11166546121442111
-0.11166546121442111
-0.049519187041885786
-0.09800073385471073
-0.049519187041885786
-0.09658927017864771
-0.09658927017864771
-0.11166546121442111
-0.08292454281893732
-0.049519187041885786
-0.09658927017864771
-0.09658927017864771
-0.049519187041885786
-0.07581325529589131
-0.08947798265560167
-0.08947798265560167
-0.049519187041885786
-0.049519187041885786
-0.07656770662090459
-0.07656770662090459
-0.06290297926119422
-0.07656770662090459
-0.03515246838772242
-0.06220098796674122
-0.03515246838772242
-0.11787959943754989
-0.06220098796674122
-0.047070083136761906
-0.06841147220227135
-0.09482655673807192
-0.027048519579018798
-0.039958795613715875
-0.06220098796674122
-0.06220098796674122
-0.027048519579018798
-0.017290598248627304
-0.0443391178276461
-0.136335859798162
-0.13219431489424593
-0.1368641560824685
-0.16959642070649958
-0.16959642070649958
-0.1768127323897666
-0.15171231499530208
-0.14533401698828405
-0.16511683605117
-0.16250198957357917
-0.14886587485831546
-0.1508718265391997
-0.16140721304733233
-0.15288702855840877
-0.08856135870833587
-0.11161440140781384
-0.13638787975964914
-0.15215006540139386
-0.14780709338242534
-0.14780709338242534
-0.047070083136761906
-0.062146274172535314
-0.13459125895176163
-0.13459125895176163
-0.027048519579018798
-0.047070083136761906
-0.12207450137588148
-0.12207450137588148
-0.10476139090658673
-0.11810402922150841
-0.1124370823958452
-0.124668246212301
-0.08659515770035571
-0.10461317606728525
-0.09696740412878878
-0.1124370823958452
-0.09561345211158194
-0.0847585732814182
-0.09765154499602491
-0.10006342576165192
-0.10703524717081998
-0.10989300414338228
-0.1153109003765143
-0.09357527613340622
-0.10865146716917962
-0.1041048007871633
-0.09559286653612548
-0.08678489909486721
-0.08870808635193328
-0.08369103761523022
-0.07784937491783309
-0.08521345489292143
-0.08332072517760239
-0.09321094228428237
-0.08968877666654115
-0.07917895589676817
-0.07503872961564582
-0.08444798122068511
-0.054929255010458894
-0.04602990024342576
-0.0625965611730991
-0.049280030277289485
-0.06894682639465323
-0.03397794421366214
-0.036192691974611474
-0.06817622308814997
-0.03419827887448783
-0.019666796117363744
-0.011419213622776182
-0.007667306162640202
-0.0020152020192090447
-0.012541338189016857
-0.005269025323916951
-0.013404521055867926
-0.006368051488938776
-0.017167972585295108
0.008935524177034106
-0.033260560908337525
0.0034946314590118266
-0.03740210581225363
-0.04350838943754333
0.0085119342510378
-0.05518122380940802
0.009900157907168498
-0.061492895652453965
-0.0587992433876677
0.00625370467235971
-0.12571134959451294
-0.12571134959451294
-0.05821448107224377
-0.05544056794822992
0.011345699334865457
-0.12484481577992976
-0.12243293501430273
-0.12243293501430273
-0.05350789940567732
-0.05515490501952701
0.011743667098785089
-0.12203496725038308
-0.1210188157831553
-0.1210188157831553
-0.05143885201010733
-0.04029799600738115
-0.02154136160999155
-0.02184809821873471
-0.023927968384370075
-0.11918223136421781
0.0032056776963475656
0.0027702376146764283
-0.03475440895434737
-0.025747657648226795
-0.018722917178721304
0.005661496764647831
0.018178254340527996
0.016026747925325536
-0.03626235939426625
-0.01889683157650854
0.0004964516295756405
0.019869279719336
0.022587897093706174
0.0196184757147919
-0.02435047665813404
-0.012678676302456289
0.007805626285769985
0.0019857587848399303
-0.03659039954086776
-0.0006962869109687039
-0.025184822760840577
-0.022772657334192026
-0.002487738754540346
-0.01720715713930524
-0.0339440736023046
-0.045740564393291445
-0.033761482581761725
-0.037053945017180755
-0.06421845394205895
-0.06421845394205895
-0.06751091637747798
-0.037053945017180755
-0.037053945017180755
0.05420908962478376
0.05078115687967292
0.055880835109058155
0.03589411262989906
0.00018259102054287265
0.00045135186740246524
-0.02559320830384124
-0.0658639107636283
-0.0658639107636283
-0.0658639107636283
0.04350367370372872
0.04392591198875479
0.041484728670214716
0.026336235442973966
0.007977665621535337
-0.15431868024958995
-0.14039564330257057
-0.12529750794224434
-0.15431868024958995
-0.14039564330257057
-0.12529750794224434
-0.1267499728495144
-0.1267499728495144
-0.12402404322273806
-0.1267499728495144
-0.1267499728495144
-0.12402404322273806
-0.12402404322273806
-0.12402404322273806
-0.1219374556156606
-0.1219374556156606
-0.1219374556156606
-0.1219374556156606
-0.1219374556156606
-0.1219374556156606
-0.11464915350480365
-0.11464915350480365
-0.11464915350480365
-0.11464915350480365
-0.11464915350480365
-0.11464915350480365
-0.11193053613043347
-0.11193053613043347
0.005159800692910253
-0.11193053613043347
-0.11193053613043347
-0.11193053613043347
-0.11231439569339301
-0.11231439569339301
-0.11231439569339301
-0.11231439569339301
-0.11709033682334372
-0.11709033682334372
-0.11709033682334372
-0.11709033682334372
-0.11709033682334372
-0.11709033682334372
-0.11709033682334372
-0.11574232843850385
-0.11574232843850385
-0.11574232843850385
-0.11574232843850385
-0.11666809853831765
-0.11666809853831765
-0.11666809853831765
-0.11666809853831765
0.0
0.0
0.0
0.0
0.0
0.0
0.0
0.0
0.0
0.0
0.0
0.0
0.0
0.0
0.0
0.0
0.0
0.0
0.0
0.0
0.0
0.0
0.0
0.0
0.0
0.0
0.0
0.0
0.0
-0.017290598248627304
0.0
-0.017290598248627304
-0.0443391178276461
-0.0443391178276461
-0.0443391178276461
-0.017290598248627304
0.0
-0.017290598248627304
-0.0443391178276461
-0.0443391178276461
-0.0443391178276461
-0.017290598248627304
0.0
-0.017290598248627304
-0.0443391178276461
-0.0443391178276461
-0.0443391178276461
-0.017290598248627304
0.0
-0.017290598248627304
-0.030674390467935735
-0.030674390467935735
-0.0443391178276461
-0.017290598248627304
0.0
-0.017290598248627304
-0.02230276594678436
-0.030674390467935735
-0.030674390467935735
-0.017290598248627304
0.0
-0.02230276594678436
-0.02230276594678436
-0.017290598248627304
-0.030674390467935735
-0.0443391178276461
-0.0443391178276461
-0.0443391178276461
-0.017290598248627304
-0.013730785118382053
-0.013730785118382053
-0.013730785118382053
-0.02230276594678436
-0.030674390467935735
0.0
0.0
-0.013730785118382053
0.0
0.0
0.0
0.0
0.0
0.0
-0.027048519579018798
-0.027048519579018798
-0.027048519579018798
-0.027048519579018798
0.0
0.003559813130245253
-0.005012167698157057
-0.013383792219308431
-0.027048519579018798
-0.027048519579018798
-0.027048519579018798
-0.027048519579018798
-0.027048519579018798
0.003559813130245253
-0.005012167698157057
-0.013383792219308431
-0.013664727359710369
-0.013664727359710369
-0.013664727359710369
-0.049039156406484284
-0.049039156406484284
-0.05015063090495019
-0.013664727359710369
-0.013664727359710369
-0.013664727359710369
-0.048890941567182794
-0.048890941567182794
-0.049039156406484284
0.0
0.0
0.0
-0.0326778741075993
-0.0326778741075993
-0.03522621420747243
-0.030501222361937867
-0.03154941780515479
-0.0326778741075993
-0.03154941780515479
-0.0326778741075993
-0.0326778741075993
-0.023212541178095167
-0.028805680111081745
-0.0244391770950778
-0.0326778741075993
-0.030501222361937867
-0.030501222361937867
-0.03154941780515479
-0.024175391402348156
-0.020231240942495746
-0.028548419812072796
-0.0244391770950778
-0.0028430141980385314
-0.020433831264008336
-0.025079059683850533
-0.011270948845294768
-0.028805680111081745
-0.028805680111081745
0.0
0.0
0.0
0.0
-0.010294453153011602
-0.014682806262854627
0.0
0.0
0.0
0.0
0.0
0.0
0.0
0.0
0.0
0.0
0.0
0.0
0.0
0.0
0.0
0.0
0.0
0.0
0.0
0.0
0.0
0.0
0.0
0.0
0.0
0.0
-0.03522621420747243
-0.03522621420747243
-0.0326778741075993
-0.03522621420747243
-0.03537442904677392
-0.03537442904677392
-0.03537442904677392
-0.036485903545239826
-0.014682806262854627
-0.010294453153011602
-0.008427934647256236
-0.008371848847073409
-0.0037266204272312113
-0.004373028409724641
-0.00420793615258205
-0.007288681183842699
-0.001695542250856121
-0.007110240710076994
-0.001048195443216926
-0.0011284563024445049
0.016676273150585744
0.01922461325045887
0.01937282808976036
0.02048430258822627
0.020284918579651683
-0.026044560171243705
0.00868661937611069
-0.029041413078071728
-0.028590061210669263
0.005689766469282667
-0.028590061210669263
-0.028590061210669263
-0.028590061210669263
-0.032137434710934866
-0.0316860828435324
0.002593744836419525
-0.0316860828435324
-0.0316860828435324
-0.0316860828435324
-0.03473117954735439
-0.03427982767995193
-0.03427982767995193
-0.03427982767995193
-0.017558806449632237
-0.03427982767995193
-0.03427982767995193
-0.03427982767995193
-0.016721021230319693
-0.016721021230319693
-0.016721021230319693
-0.016721021230319693
-0.016721021230319693
-0.013462750093884495
-0.01301139822648203
-0.01301139822648203
-0.01301139822648203
-0.01301139822648203
-0.01301139822648203
-0.005795086543215007
-0.005795086543215007
-0.005795086543215007
-0.005795086543215007
0.00018259102054287265
0.00018259102054287265
0.00045135186740246524
0.00045135186740246524
0.00045135186740246524
0.00045135186740246524
0.00045135186740246524
0.00045135186740246524
0.0
0.0
0.0
0.0
0.0
0.0
0.0
0.0
0.0
0.0
0.0
0.0
0.0
0.0
0.0
0.0
0.0
0.0
0.0
0.0
0.0
0.0
0.0
0.0
0.0
0.0
0.0
0.0
0.0
0.0
0.0
0.0
0.0
0.0
0.0
0.0
0.0
0.0
0.0
0.0
0.0
0.0
0.0
0.0
0.0
0.0
0.0
0.0
0.0
0.0
0.0
0.0
0.0
0.0
0.0
0.0
0.0
0.0
0.0
0.0
0.0
0.0
0.0
0.0
0.0
0.0
0.0
0.0
0.0
0.0
0.0
0.0
0.0
0.0
0.0
0.0
0.0
0.0
0.0
0.0
0.0
0.0
0.0
0.0
0.0
0.0
0.0
0.0
0.0
0.0
0.0
0.0
0.0
0.0
0.0
0.0
0.0
0.0
0.0
0.0
0.0
0.0
0.0
0.0
0.0
0.0
0.0
0.0
0.0
0.0
0.0
0.0
0.0
0.0
0.0
0.0
0.0
0.0
0.0
0.0
0.0
0.0
0.0
0.0
0.0
0.0
0.0
0.0
0.0
0.0
0.0
0.0
0.0
0.0
0.0
0.0
0.0
0.0
0.0
0.0
0.0
0.0
0.0
0.0
0.0
0.0
0.0
0.0
0.0
0.0
0.0
0.0
0.0
0.0
0.0
0.0
0.0
0.0
0.0
0.0
0.0
0.0
0.0
0.0
0.0
0.0
0.0
0.0
0.0
0.0
0.0
0.0
0.0
0.0
0.0
0.0
0.0
0.0
0.0
0.0
0.0
0.0
0.0
0.0
0.0
0.0
0.0
0.0
0.0
0.0
0.0
0.0
0.0
0.0
0.0
0.0
0.0
0.0
0.0
0.0
0.0
0.0
0.0
0.0
0.0
0.0
0.0
0.0
0.0
0.0
0.0
0.0
0.0
0.0
0.0
0.0
0.0
0.0
0.0
0.0
0.0
0.0
0.0
0.0
0.0
0.0
0.0
0.0
0.0
0.0
0.0
0.0
0.0
0.0
0.0
0.0
0.0
0.0
0.0
0.0
0.0
0.0
0.0
0.0
0.0
0.0
0.0
0.0
0.0
0.0
0.0
0.0
0.0
0.0
0.0
0.0
0.0
0.0
0.0
0.0
0.0
0.0
0.0
0.0
0.0
0.0
0.0
0.0
0.0
0.0
0.0
0.0
0.0
0.0
0.0
0.0
0.0
0.0
0.0
0.0
0.0
0.0
0.0
0.0
0.0
0.0
0.0
0.0
0.0
0.0
0.0
0.0
0.0
0.0
0.0
0.0
0.0
0.0
0.0
0.0
0.0
0.0
0.0
0.0
0.0
0.0
0.0
0.0
0.0
0.0
0.0
0.0
0.0
0.0
0.0
0.0
0.0
0.0
0.0
0.0
0.0
0.0
0.0
0.0
0.0
0.0
0.0
0.0
0.0
0.0
0.0
0.0
0.0
0.0
0.0
0.0
0.0
0.0
0.0
0.0
0.0
0.0
0.0
0.0
0.0
0.0
0.0
0.0
0.0
0.0
0.0
0.0
0.0
0.0
0.0
0.0
0.0
0.0
0.0
0.0
0.0
0.0
0.0
0.0
0.0
0.0
0.0
0.0
0.0
0.0
0.0
0.0
0.0
0.0
0.0
0.0
0.0
0.0
0.0
0.0
0.0
0.0
0.0
0.0
0.0
0.0
0.0
0.0
0.0
0.0
0.0
0.0
0.0
0.0
0.0
0.0
0.0
0.0
0.0
0.0
0.0
0.0
0.0
0.0
0.0
0.0
0.0
0.0
0.0
0.0
0.0
0.0
0.0
0.0
0.0
0.0
0.0
0.0
0.0
0.0
0.0
0.0
0.0
0.0
0.0
0.0
0.0
0.0
0.0
0.0
0.0
0.0
0.0
0.0
0.0
0.0
0.0
0.0
0.0
0.0
0.0
0.0
0.0
0.0
0.0
0.0
0.0
0.0
0.0
0.0
0.0
0.0
0.0
0.0
0.0
0.0
0.0
0.0
0.0
0.0
0.0
0.0
0.0
0.0
0.0
0.0
0.0
0.0
0.0
0.0
0.0
0.0
0.0
0.0
0.0
0.0
0.0
0.0
0.0
0.0
0.0
0.0
0.0
0.0
0.0
0.0
0.0
0.0
0.0
0.0
0.0
0.0
0.0
0.0
0.0
0.0
0.0
0.0
0.0
0.0
0.0
0.0
0.0
0.0
0.0
0.0
0.0
0.0
0.0
0.0
0.0
0.0
0.0
0.0
0.0
0.0
0.0
0.0
0.0
0.0
0.0
0.0
0.0
0.0
0.0
0.0
0.0
0.0
0.0
0.0
0.0
0.0
0.0
0.0
0.0
0.0
0.0
0.0
0.0
0.0
0.0
0.0
0.0
0.0
0.0
0.0
0.0
0.0
0.0
0.0
0.0
0.0
0.0
0.0
0.0
0.0
0.0
0.0
0.0
0.0
0.0
0.0
0.0
0.0
0.0
0.0
0.0
0.0
0.0
0.0
0.0
0.0
0.0
0.0
0.0
0.0
0.0
0.0
0.0
0.0
0.0
0.0
0.0
0.0
0.0
0.0
0.0
0.0
0.0
0.0
0.0
0.0
0.0
0.0
0.0
0.0
0.0
0.0
0.0
0.0
0.0
0.0
0.0
0.0
0.0
0.0
0.0
0.0
0.0
0.0
0.0
0.0
0.0
0.0
0.0
0.0
0.0
0.0
0.0
0.0
0.0
0.0
0.0
0.0
0.0
0.0
0.0
0.0
0.0
0.0
0.0
0.0
0.0
0.0
0.0
0.0
0.0
0.0
0.0
0.0
0.0
0.0
0.0
0.0
0.0
0.0
0.0
0.0
0.0
0.0
0.0
0.0
0.0
0.0
0.0
0.0
0.0
0.0
0.0
0.0
0.0
0.0
0.0
0.0
0.0
0.0
0.0
0.0
0.0
0.0
0.0
0.0
0.0
0.0
0.0
0.0
0.0
0.0
0.0
0.0
0.0
0.0
0.0
0.0
0.0
0.0
0.0
0.0
0.0
0.0
0.0
0.0
0.0
0.0
0.0
0.0
0.0
0.0
0.0
0.0
0.0
0.0
0.0
0.0
0.0
0.0
0.0
0.0
0.0
0.0
0.0
0.0
0.0
0.0
0.0
0.0
0.0
0.0
0.0
0.0
0.0
0.0
0.0
0.0
0.0
0.0
0.0
0.0
0.0
0.0
0.0
0.0
0.0
0.0
0.0
0.0
0.0
0.0
0.0
0.0
0.0
0.0
0.0
0.0
0.0
0.0
0.0
0.0
0.0
0.0
0.0
0.0
0.0
0.0
0.0
0.0
0.0
0.0
0.0
0.0
0.0
0.0
0.0
0.0
0.0
0.0
0.0
0.0
0.0
0.0
0.0
0.0
0.0
0.0
0.0
0.0
0.0
0.0
0.0
0.0
0.0
0.0
0.0
0.0
0.0
0.0
0.0
0.0
0.0
0.0
0.0
0.0
0.0
0.0
0.0
0.0
0.0
0.0
0.0
0.0
0.0
0.0
0.0
0.0
0.0
0.0
0.0
0.0
0.0
0.0
0.0
0.0
0.0
0.0
0.0
0.0
0.0
0.0
0.0
0.0
0.0
0.0
0.0
0.0
0.0
0.0
0.0
0.0
0.0
0.0
0.0
0.0
0.0
0.0
0.0
0.0
0.0
0.0
0.0
0.0
0.0
0.0
0.0
0.0
0.0
0.0
0.0
0.0
0.0
0.0
0.0
0.0
0.0
0.0
0.0
0.0
0.0
0.0
0.0
0.0
0.0
0.0
0.0
0.0
0.0
0.0
0.0
0.0
0.0
0.0
0.0
0.0
0.0
0.0
0.0
0.0
0.0
0.0
0.0
0.0
0.0
0.0
0.0
0.0
0.0
0.0
0.0
0.0
0.0
0.0
0.0
0.0
0.0
0.0
0.0
0.0
0.0
0.0
0.0
0.0
0.0
0.0
0.0
0.0
0.0
0.0
0.0
0.0
0.0
0.0
0.0
0.0
0.0
0.0
0.0
0.0
0.0
0.0
0.0
0.0
0.0
0.0
0.0
0.0
0.0
0.0
0.0
0.0
0.0
0.0
0.0
0.0
0.0
0.0
0.0
0.0
0.0
0.0
0.0
0.0
0.0
0.0
0.0
0.0
0.0
0.0
0.0
0.0
0.0
0.0
0.0
0.0
0.0
0.0
0.0
0.0
0.0
0.0
0.0
0.0
0.0
0.0
0.0
0.0
0.0
0.0
0.0
0.0
0.0
0.0
0.0
0.0
0.0
0.0
0.0
0.0
0.0
0.0
0.0
0.0
0.0
0.0
0.0
0.0
0.0
0.0
0.0
0.0
0.0
0.0
0.0
0.0
0.0
0.0
0.0
0.0
0.0
0.0
0.0
0.0
0.0
0.0
0.0
0.0
0.0
0.0
0.0
0.0
0.0
0.0
0.0
0.0
0.0
0.0
0.0
0.0
0.0
0.0
0.0
0.0
0.0
0.0
0.0
0.0
0.0
0.0
0.0
0.0
0.0
0.0
0.0
0.0
0.0
0.0
0.0
0.0
0.0
0.0
0.0
0.0
0.0
0.0
0.0
0.0
0.0
0.0
0.0
0.0
0.0
0.0
0.0
0.0
0.0
0.0
0.0
0.0
0.0
0.0
0.0
0.0
0.0
0.0
0.0
0.0
0.0
0.0
0.0
0.0
0.0
0.0
0.0
0.0
0.0
0.0
0.0
0.0
0.0
0.0
0.0
0.0
0.0
0.0
0.0
0.0
0.0
0.0
0.0
0.0
0.0
0.0
0.0
0.0
0.0
0.0
0.0
0.0
0.0
0.0
0.0
0.0
0.0
0.0
0.0
0.0
0.0
0.0
0.0
0.0
0.0
0.0
0.0
0.0
0.0
0.0
0.0
0.0
0.0
0.0
0.0
0.0
0.0
0.0
0.0
0.0
0.0
0.0
0.0
0.0
0.0
0.0
0.0
0.0
0.0
0.0
0.0
0.0
0.0
0.0
0.0
0.0
0.0
0.0
0.0
0.0
0.0
0.0
0.0
0.0
0.0
0.0
0.0
0.0
0.0
0.0
0.0
0.0
0.0
0.0
0.0
0.0
0.0
0.0
0.0
0.0
0.0
0.0
0.0
0.0
0.0
0.0
0.0
0.0
0.0
0.0
0.0
0.0
0.0
0.0
0.0
0.0
0.0
0.0
0.0
0.0
0.0
0.0
0.0
0.0
0.0
0.0
0.0
0.0
0.0
0.0
0.0
0.0
0.0
0.0
0.0
0.0
0.0
0.0
0.0
0.0
0.0
0.0
0.0
0.0
0.0
0.0
0.0
0.0
0.0
0.0
0.0
0.0
0.0
0.0
0.0
0.0
0.0
0.0
0.0
0.0
0.0
0.0
0.0
0.0
-0.21055367723547827
-0.2996549014081454
-0.33693993633207614
-0.35177192516950095
-0.3765625629435206
-0.3809433818621151
-0.39641592538608317
-0.39300362069058653
-0.3828146547090878
-0.38830378601161203
-0.37780999165551576
-0.3759357602922619
-0.3592972812312924
-0.32500208010171133
-0.321574800453862
-0.33618364536505474
-0.2524004334233378
-0.20698060738456556
-0.18727876830743584
-0.17751865533930808
-0.14551037241617307
-0.19740305914445028
-0.30681958095574097
-0.33988173340059746
-0.33242774465593194
-0.35493189563683947
-0.3544122434992701
-0.4062820517134756
-0.410899170414571
-0.41507368495980346
-0.422167118102003
-0.4354255219193353
-0.4399257125380075
-0.4366014846506331
-0.44336995513201516
-0.4293506818049445
-0.44885429858859877
-0.4339505383744701
-0.4484195809908838
-0.4463401900154931
-0.393357141468967
-0.3519056462016644
-0.3276950602361402
-0.3190363889717945
-0.3838062174905764
-0.3587533008042948
-0.3703549674512157
-0.3593727092072228
-0.395966660187848
-0.4154385884146726
-0.4111507657130567
-0.4074489477072449
-0.42958779328786967
-0.42480226469036714
-0.4310656427128189
-0.42912792565499774
-0.41957090891678267
-0.4102064943546269
-0.41872395485753067
-0.43240919844083014
-0.43240919844083014
-0.43240919844083014
-0.39172356302960254
-0.37190522872183346
-0.4957584131640913
-0.4939182224134627
-0.49525241389320573
-0.4944878226171298
-0.49204354591610244
-0.49076345265797594
-0.47956944510149435
-0.46277043032628334
-0.44309652714133707
-0.44235430975988266
-0.42540077265891924
-0.42540077265891924
-0.4226763204127693
-0.3979381360214032
-0.3979381360214032
-0.3892868976797573
-0.3144319697807928
-0.2690121437420206
-0.2451100393724193
-0.235119096609965
-0.21085077260390875
-0.4125602271095628
-0.40881010780379273
-0.4189677354310595
-0.4282219519602751
-0.4502977833711787
-0.46241849162049603
-0.46859377706349964
-0.4738378214170747
-0.4813644167505102
-0.49683732856640117
-0.4978625057291833
-0.5023626963478555
-0.5070910208109243
-0.5150860751346075
-0.5150860751346075
-0.5223889999923242
-0.5223889999923242
-0.536858042608738
-0.5477495463045948
-0.5373010623700119
-0.5373010623700119
-0.5232556566432821
-0.5232556566432821
-0.5292721993944245
-0.5020716439227837
-0.5009935115509965
-0.5022985080514241
-0.49780320391331007
-0.5124005560438828
-0.5054930418199003
-0.5057526181933092
-0.501941968527756
-0.505294049315959
-0.505294049315959
-0.5089816550432956
-0.5089816550432956
-0.5030445201289893
-0.49265399544437266
-0.4962587219274648
-0.4962587219274648
-0.4962587219274648
-0.4962587219274648
-0.49592004423050673
-0.322792026410598
-0.3749030790671321
-0.3937987052513783
-0.41706817985525435
-0.43899515523683313
-0.43899515523683313
-0.4512853676182441
-0.45371162714186647
-0.4550016969754524
-0.4573247835240898
-0.4738181476649488
-0.4706385348397867
-0.48022065431947597
-0.45773225446521915
-0.45799817445290003
-0.48608281075396437
-0.5045556935219347
-0.5131453502869417
-0.5158900123630537
-0.5158900123630537
-0.5288543216467242
-0.5288543216467242
-0.5255022408585212
-0.5255022408585212
-0.5255022408585212
-0.527772195163279
-0.5340035438472577
-0.5469798591999682
-0.5623136817315523
-0.5623136817315523
-0.5623136817315523
-0.5541760723458466
-0.5541760723458466
-0.5604394503682985
-0.5604394503682985
-0.5560407114254418
-0.5349386656950764
-0.5548141275831406
-0.5548141275831406
-0.5442221339039193
-0.5442221339039193
-0.5407948542560699
-0.5407948542560699
-0.5407948542560699
-0.5529955461820074
-0.5666384609499692
-0.5380917859678788
-0.5380917859678788
-0.5380917859678788
-0.5380917859678788
-0.5380917859678788
-0.5380917859678788
-0.5380917859678788
-0.5213707719908612
-0.5151890046633373
-0.5151890046633373
-0.47917488507587597
-0.4547272748751708
-0.4347895405180207
-0.4242362709843698
-0.4152663592254305
-0.4060794567466703
-0.3921629805221267
-0.3378627740071797
-0.3311111785833131
-0.32189227268168696
-0.27119065586164837
-0.2637380231350432
-0.3656557132294177
-0.3835398539248048
-0.39353079668725904
-0.4077942777615593
-0.28520473592861284
-0.3118758305608403
-0.21515716796511264
-0.29680508296425856
-0.28569135254454087
-0.32023588719064533
-0.20421926767148746
-0.2597647779043062
-0.10199052684805195
-0.24086915172006007
-0.1942633210053173
-0.21759967711618397
-0.19556059640714185
-0.12401481550867313
-0.2285884002247681
-0.24250487644931165
-0.14405625462651625
-0.21940149774600787
-0.1853954161683473
-0.21043158598706857
-0.10453515889786213
-0.1998783164534177
-0.1223401408256107
-0.17994058209626765
-0.1439439209010448
-0.15549297189556247
-0.23045481558491404
-0.24538095929168097
-0.2192200538022078
-0.23672972095003506
-0.2192200538022078
-0.23672972095003506
-0.1756413844637839
-0.21199153655866895
-0.18450369007603631
-0.20926708431251903
-0.18450369007603631
-0.20926708431251903
-0.15867607318835597
-0.19231354721155564
-0.1426875861494333
-0.19157132983010125
-0.1358507009561377
-0.17189742664515498
-0.11947408697697051
-0.15509841186994397
-0.14546598190384796
-0.19567270173460524
-0.1583124775611296
-0.07908600203046212
-0.19567270173460524
-0.18338248935319423
-0.09579420730434335
-0.14331834311848898
-0.1809562298295719
-0.17966615999598595
-0.1427158974476289
-0.1306385440997808
-0.1773430734473486
-0.16084970930648965
-0.09536588773433938
-0.16402932213165175
-0.11548098297258191
-0.11776602135174283
-0.15444720265196246
-0.15177582501376083
-0.08284647062876756
-0.15150990502607992
-0.0846602933034023
-0.12342526872501554
-0.07667676623300354
-0.10495238595704516
-0.03715194785756555
-0.09163440472896923
-0.053265417759883846
-0.08888974265285732
-0.14045971486272946
-0.1388786248720082
-0.06707386567368288
-0.2060848232559052
-0.2060848232559052
-0.08888974265285732
-0.11658669970414315
-0.19592719562863845
-0.0838719526916427
-0.06866343439731235
-0.1866729790994228
-0.16459714768851924
-0.06866343439731235
-0.15247643943920197
-0.05448245687140368
-0.09818222532041283
-0.14630115399619836
-0.14105710964262333
-0.08709037266172587
-0.09065562998697729
-0.13353051430918778
-0.09206349983351422
-0.11805760249329685
-0.09852324257838142
-0.10844043400841968
-0.08588544257400366
-0.0910743095409731
-0.10394024338974753
-0.09921191892667872
-0.08381300504188965
-0.08307925521728997
-0.09121686460299558
-0.09593371329120692
-0.08307925521728997
-0.09121686460299558
-0.10280102640778012
-0.0757763303595732
-0.0839139397452788
-0.07934049592449534
-0.0757763303595732
-0.0839139397452788
-0.06720619838389702
-0.06562510839317574
-0.06534040018773567
-0.0576004412706569
-0.06384952348663461
-0.11947885230810126
-0.05783127106498341
-0.10140935628910154
-0.11329708498057724
-0.11947885230810126
-0.06203153635745516
-0.08843846161785411
-0.06384952348663461
-0.09657607100355971
-0.09657607100355971
-0.09657607100355971
-0.06203153635745516
-0.06384952348663461
-0.09657607100355971
-0.09657607100355971
-0.06384952348663461
-0.08843846161785411
-0.073930040586842
-0.07877566719340152
-0.09657607100355971
-0.09657607100355971
-0.07063805780769593
-0.073930040586842
-0.07496501752784825
-0.07877566719340152
-0.06384952348663461
-0.06682740814214264
-0.07496501752784825
-0.07496501752784825
-0.060422243838785264
-0.07050276093899265
-0.0715377378799989
-0.0715377378799989
-0.052808134815071954
-0.06094574420077756
-0.06094574420077756
-0.06094574420077756
-0.050865227100570176
-0.06164758124311785
-0.06094574420077756
-0.014926143706766908
-0.03454453464610456
-0.03454453464610456
-0.011115494041213623
-0.011115494041213623
-0.03170608908470676
-0.03984369847041236
-0.010080517100207374
-0.03802571134123291
-0.03802571134123291
-0.10555285835458884
-0.10365809137595543
-0.10513942889184927
-0.14018003435430862
-0.142624311055336
-0.1439044043134625
-0.11741327844710897
-0.11434543128616804
-0.1407496345579757
-0.13941544307823273
-0.11223834917511968
-0.10132468690641641
-0.13890944380734715
-0.13387235885191223
-0.0327265475169251
-0.05562932882146665
-0.09219955936006588
-0.13387235885191223
-0.13387235885191223
-0.13387235885191223
-0.022646030416717727
-0.0327265475169251
-0.12350975328708294
-0.13387235885191223
-0.0010349769410062492
-0.0010349769410062492
-0.10014291324975605
-0.11311922860246643
-0.09683798200399191
-0.10014291324975605
-0.09683798200399191
-0.10014291324975605
-0.10019006279219499
-0.09683798200399191
-0.10019006279219499
-0.09683798200399191
-0.0818156494939769
-0.08778742180454666
-0.09040764081607194
-0.0963794131266417
-0.07490813526999435
-0.07490813526999435
-0.0991079363087498
-0.08350012659208939
-0.08350012659208939
-0.0717178276323079
-0.07900482245397536
-0.06831660871188322
-0.0768214625880446
-0.11208425166146017
-0.07923168658261562
-0.08030981895440294
-0.03717576176642823
-0.10086372287036521
-0.045767753088523266
-0.043192304517570584
-0.10114581133498714
-0.05178429583966562
-0.03585098445512401
-0.10114581133498714
-0.05178429583966562
-0.01375496223752606
-0.0388134011684182
-0.003750119305770099
-0.0782430300304456
-0.0388134011684182
-0.0350632818626481
-0.025058438930892137
-0.04167279949184636
-0.015933311384541612
-0.03254767194549583
-0.02667109463222747
-0.00859199132209504
-0.02333635611086674
-0.00859199132209504
-0.025070011792064653
-0.010915077870732403
-0.034627175999719775
-0.0034883563663583314
-0.03896621967938056
-0.03876497542161321
-0.007286994821667462
-0.03562432489297347
-0.00859199132209504
-0.03604672568901734
-0.03777887351004512
-0.00859199132209504
-0.0759254333691868
-0.0759254333691868
-0.048883743680667995
-0.04113095429824821
-0.00859199132209504
-0.07927751415738987
-0.07927751415738987
-0.07927751415738987
-0.03363747402319973
-0.04951043297193959
-0.00859199132209504
-0.077007559852632
-0.07077621116865337
-0.057799895815943005
-0.02476339423648277
-0.0372772063173894
-0.06445417415131621
-0.06841556853053696
-0.042466073284358856
-0.042466073284358856
-0.042466073284358856
-0.042466073284358856
-0.02476339423648277
-0.0372772063173894
-0.042466073284358856
-0.042466073284358856
-0.042466073284358856
-0.03620269526190711
-0.0262696349946777
-0.038783447075584336
-0.03620269526190711
-0.03620269526190711
-0.038783447075584336
-0.038783447075584336
-0.018907985187520245
-0.018907985187520245
-0.018907985187520245
-0.018907985187520245
-0.006394173106613614
-0.018907985187520245
-0.018907985187520245
-0.018907985187520245
-0.018907985187520245
-0.018907985187520245
-0.006394173106613614
-0.018907985187520245
-0.018907985187520245
-0.018907985187520245
-0.03987870768016947
-0.030393770476721902
-0.024162421792743277
-0.0028966435960294835
-0.0028966435960294835
-0.01770267904787609
-0.011439301025424342
-0.012513812080906633
-0.012513812080906633
-0.012513812080906633
0.01074627117193213
0.01074627117193213
-0.038146559859141685
-0.038146559859141685
-0.02126577819671379
-0.005188866966969457
-0.005188866966969457
0.0
0.0
0.0
-0.06130728774315954
-0.050415784047302875
-0.050754461744260904
-0.06944489712886515
-0.05855339343300848
-0.05855339343300848
-0.04727218585181326
-0.04853460890144497
-0.0469535189107237
-0.05855339343300848
-0.059627904488490764
-0.059627904488490764
-0.04161472850866225
-0.059627904488490764
-0.02672280884035054
-0.02672280884035054
-0.02672280884035054
-0.053364526466039015
-0.053364526466039015
-0.053364526466039015
-0.01968362840194658
-0.013223885657079392
-0.006231348683978624
-0.053364526466039015
-0.03876717433546623
-0.03876717433546623
0.0
0.0
0.0
-0.03253582565148762
-0.03253582565148762
-0.03253582565148762
-0.03253582565148762
-0.025543288678386847
-0.03253582565148762
-0.025543288678386847
-0.03253582565148762
-0.025543288678386847
-0.018504108239982883
-0.018504108239982883
-0.025543288678386847
-0.018504108239982883
-0.018504108239982883
-0.004536776192061468
-0.004536776192061468
-0.004536776192061468
-0.004536776192061468
-0.004536776192061468
-0.0013931779965718504
-0.004536776192061468
-0.004536776192061468
-0.012674385577767068
-0.018013175979828516
-0.02664171762568849
-0.02664171762568849
-0.02664171762568849
-0.03368089806409245
-0.025543288678386847
-0.03253582565148762
-0.03253582565148762
-0.03253582565148762
-0.0016265560793409862
-0.004875453889019497
-0.011093295587045799
-0.011281207581195217
-0.0032488978096785106
-0.007798931688747572
-0.0031435981954896163
-0.008137609385705602
0.0
-0.008137609385705602
0.0
0.0
-0.008137609385705602
0.0
-0.008137609385705602
0.0
-0.008137609385705602
-0.008137609385705602
-0.008137609385705602
-0.03802571134123291
-0.012865933848774418
-0.03802571134123291
-0.03802571134123291
-0.03802571134123291
-0.03802571134123291
-0.029888101955527303
-0.004728324463068816
-0.029888101955527303
-0.029888101955527303
-0.029888101955527303
-0.029888101955527303
-0.029888101955527303
-0.004728324463068816
-0.029888101955527303
-0.029888101955527303
-0.029888101955527303
-0.029888101955527303
-0.029888101955527303
-0.004728324463068816
-0.029888101955527303
-0.029888101955527303
-0.029888101955527303
-0.029888101955527303
-0.029888101955527303
-0.004728324463068816
-0.029888101955527303
-0.029888101955527303
-0.029888101955527303
-0.029888101955527303
-0.029888101955527303
-0.004728324463068816
-0.029888101955527303
-0.029888101955527303
-0.02515977749245849
-0.02515977749245849
-0.02515977749245849
-0.02515977749245849
-0.02515977749245849
-0.02515977749245849
-0.02515977749245849
-0.02515977749245849
-0.02515977749245849
-0.02515977749245849
-0.02515977749245849
-0.02515977749245849
-0.02515977749245849
-0.02515977749245849
0.0
0.0
0.0
0.0
0.0
0.0
0.0
0.0
0.0
0.0
0.0
0.0
0.0
0.0
0.0
0.0
0.0
0.0
0.0
0.0
0.0
0.0
0.0
0.0
-0.003750119305770099
-0.028364917233835385
-0.028364917233835385
-0.028364917233835385
0.0
0.0
0.0
-0.028364917233835385
-0.028364917233835385
-0.028364917233835385
0.0
0.0
0.0
-0.028364917233835385
-0.028364917233835385
-0.028364917233835385
-0.019772925911740347
-0.019772925911740347
-0.019772925911740347
-0.019772925911740347
-0.019772925911740347
-0.019772925911740347
-0.019772925911740347
-0.019772925911740347
-0.019772925911740347
-0.028364917233835385
-0.019772925911740347
-0.019772925911740347
-0.019772925911740347
-0.019772925911740347
-0.019772925911740347
-0.019772925911740347
-0.019772925911740347
-0.01000484293175596
-0.016022806605970247
-0.019772925911740347
-0.016022806605970247
-0.016022806605970247
-0.019772925911740347
0.0
0.0
0.0
0.0
-0.006017963674214286
-0.006017963674214286
0.0
0.0
0.0
0.0
0.0
0.0
0.0
0.0
0.0
0.0
0.0
0.0
0.0
0.0
0.0
0.0
0.0
0.0
0.0
0.0
0.0
0.0
0.0
0.0
0.0
0.0
-0.028364917233835385
-0.028364917233835385
-0.028364917233835385
-0.028364917233835385
-0.028364917233835385
-0.028364917233835385
-0.028364917233835385
-0.024614797928065285
-0.006017963674214286
-0.006017963674214286
-0.006017963674214286
0.0
0.0
0.0
0.0
0.0
0.0
0.0
0.0
0.0
0.0
0.0
0.0
0.0
0.0
0.0
0.0
0.0
0.0
0.0
0.0
0.0
0.0
0.0
0.0
0.0
0.0
0.0
0.0
0.0
0.0
0.0
0.0
0.0
0.0
0.0
0.0
0.0
0.0
0.0
0.0
0.0
0.0
0.0
0.0
0.0
0.0
0.0
0.0
0.0
0.0
0.0
0.0
0.0
0.0
0.0
0.0
0.0
0.0
0.0
0.0
0.0
0.0
0.0
0.0
0.0
0.0
0.0
0.0
0.0
0.0
0.0
0.0
0.0
0.0
0.0
0.0
0.0
0.0
0.0
0.0
0.0
0.0
0.0
0.0
0.0
0.0
0.0
0.0
0.0
0.0
0.0
0.0
0.0
0.0
0.0
0.0
0.0
0.0
0.0
0.0
0.0
0.0
0.0
0.0
0.0
0.0
0.0
0.0
0.0
0.0
0.0
0.0
0.0
0.0
0.0
0.0
0.0
0.0
0.0
0.0
0.0
0.0
0.0
0.0
0.0
0.0
0.0
0.0
0.0
0.0
0.0
0.0
0.0
0.0
0.0
0.0
0.0
0.0
0.0
0.0
0.0
0.0
0.0
0.0
0.0
0.0
0.0
0.0
0.0
0.0
0.0
0.0
0.0
0.0
0.0
0.0
0.0
0.0
0.0
0.0
0.0
0.0
0.0
0.0
0.0
0.0
0.0
0.0
0.0
0.0
0.0
0.0
0.0
0.0
0.0
0.0
0.0
0.0
0.0
0.0
0.0
0.0
0.0
0.0
0.0
0.0
0.0
0.0
0.0
0.0
0.0
0.0
0.0
0.0
0.0
0.0
0.0
0.0
0.0
0.0
0.0
0.0
0.0
0.0
0.0
0.0
0.0
0.0
0.0
0.0
0.0
0.0
0.0
0.0
0.0
0.0
0.0
0.0
0.0
0.0
0.0
0.0
0.0
0.0
0.0
0.0
0.0
0.0
0.0
0.0
0.0
0.0
0.0
0.0
0.0
0.0
0.0
0.0
0.0
0.0
0.0
0.0
0.0
0.0
0.0
0.0
0.0
0.0
0.0
0.0
0.0
0.0
0.0
0.0
0.0
0.0
0.0
0.0
0.0
0.0
0.0
0.0
0.0
0.0
0.0
0.0
0.0
0.0
0.0
0.0
0.0
0.0
0.0
0.0
0.0
0.0
0.0
0.0
0.0
0.0
0.0
0.0
0.0
0.0
0.0
0.0
0.0
0.0
0.0
0.0
0.0
0.0
0.0
0.0
0.0
0.0
0.0
0.0
0.0
0.0
0.0
0.0
0.0
0.0
0.0
0.0
0.0
0.0
0.0
0.0
0.0
0.0
0.0
0.0
0.0
0.0
0.0
0.0
0.0
0.0
0.0
0.0
0.0
0.0
0.0
0.0
0.0
0.0
0.0
0.0
0.0
0.0
0.0
0.0
0.0
0.0
0.0
0.0
0.0
0.0
0.0
0.0
0.0
0.0
0.0
0.0
0.0
0.0
0.0
0.0
0.0
0.0
0.0
0.0
0.0
0.0
0.0
0.0
0.0
0.0
0.0
0.0
0.0
0.0
0.0
0.0
0.0
0.0
0.0
0.0
0.0
0.0
0.0
0.0
0.0
0.0
0.0
0.0
0.0
0.0
0.0
0.0
0.0
0.0
0.0
0.0
0.0
0.0
0.0
0.0
0.0
0.0
0.0
0.0
0.0
0.0
0.0
0.0
0.0
0.0
0.0
0.0
0.0
0.0
0.0
0.0
0.0
0.0
0.0
0.0
0.0
0.0
0.0
0.0
0.0
0.0
0.0
0.0
0.0
0.0
0.0
0.0
0.0
0.0
0.0
0.0
0.0
0.0
0.0
0.0
0.0
0.0
0.0
0.0
0.0
0.0
0.0
0.0
0.0
0.0
0.0
0.0
0.0
0.0
0.0
0.0
0.0
0.0
0.0
0.0
0.0
0.0
0.0
0.0
0.0
0.0
0.0
0.0
0.0
0.0
0.0
0.0
0.0
0.0
0.0
0.0
0.0
0.0
0.0
0.0
0.0
0.0
0.0
0.0
0.0
0.0
0.0
0.0
0.0
0.0
0.0
0.0
0.0
0.0
0.0
0.0
0.0
0.0
0.0
0.0
0.0
0.0
0.0
0.0
0.0
0.0
0.0
0.0
0.0
0.0
0.0
0.0
0.0
0.0
0.0
0.0
0.0
0.0
0.0
0.0
0.0
0.0
0.0
0.0
0.0
0.0
0.0
0.0
0.0
0.0
0.0
0.0
0.0
0.0
0.0
0.0
0.0
0.0
0.0
0.0
0.0
0.0
0.0
0.0
0.0
0.0
0.0
0.0
0.0
0.0
0.0
0.0
0.0
0.0
0.0
0.0
0.0
0.0
0.0
0.0
0.0
0.0
0.0
0.0
0.0
0.0
0.0
0.0
0.0
0.0
0.0
0.0
0.0
0.0
0.0
0.0
0.0
0.0
0.0
0.0
0.0
0.0
0.0
0.0
0.0
0.0
0.0
0.0
0.0
0.0
0.0
0.0
0.0
0.0
0.0
0.0
0.0
0.0
0.0
0.0
0.0
0.0
0.0
0.0
0.0
0.0
0.0
0.0
0.0
0.0
0.0
0.0
0.0
0.0
0.0
0.0
0.0
0.0
0.0
0.0
0.0
0.0
0.0
0.0
0.0
0.0
0.0
0.0
0.0
0.0
0.0
0.0
0.0
0.0
0.0
0.0
0.0
0.0
0.0
0.0
0.0
0.0
0.0
0.0
0.0
0.0
0.0
0.0
0.0
0.0
0.0
0.0
0.0
0.0
0.0
0.0
0.0
0.0
0.0
0.0
0.0
0.0
0.0
0.0
0.0
0.0
0.0
0.0
0.0
0.0
0.0
0.0
0.0
0.0
0.0
0.0
0.0
0.0
0.0
0.0
0.0
0.0
0.0
0.0
0.0
0.0
0.0
0.0
0.0
0.0
0.0
0.0
0.0
0.0
0.0
0.0
0.0
0.0
0.0
0.0
0.0
0.0
0.0
0.0
0.0
0.0
0.0
0.0
0.0
0.0
0.0
0.0
0.0
0.0
0.0
0.0
0.0
0.0
0.0
0.0
0.0
0.0
0.0
0.0
0.0
0.0
0.0
0.0
0.0
0.0
0.0
0.0
0.0
0.0
0.0
0.0
0.0
0.0
0.0
0.0
0.0
0.0
0.0
0.0
0.0
0.0
0.0
0.0
0.0
0.0
0.0
0.0
0.0
0.0
0.0
0.0
0.0
0.0
0.0
0.0
0.0
0.0
0.0
0.0
0.0
0.0
0.0
0.0
0.0
0.0
0.0
0.0
0.0
0.0
0.0
0.0
0.0
0.0
0.0
0.0
0.0
0.0
0.0
0.0
0.0
0.0
0.0
0.0
0.0
0.0
0.0
0.0
0.0
0.0
0.0
0.0
0.0
0.0
0.0
0.0
0.0
0.0
0.0
0.0
0.0
0.0
0.0
0.0
0.0
0.0
0.0
0.0
0.0
0.0
0.0
0.0
0.0
0.0
0.0
0.0
0.0
0.0
0.0
0.0
0.0
0.0
0.0
0.0
0.0
0.0
0.0
0.0
0.0
0.0
0.0
0.0
0.0
0.0
0.0
0.0
0.0
0.0
0.0
0.0
0.0
0.0
0.0
0.0
0.0
0.0
0.0
0.0
0.0
0.0
0.0
0.0
0.0
0.0
0.0
0.0
0.0
0.0
0.0
0.0
0.0
0.0
0.0
0.0
0.0
0.0
0.0
0.0
0.0
0.0
0.0
0.0
0.0
0.0
0.0
0.0
0.0
0.0
0.0
0.0
0.0
0.0
0.0
0.0
0.0
0.0
0.0
0.0
0.0
0.0
0.0
0.0
0.0
0.0
0.0
0.0
0.0
0.0
0.0
0.0
0.0
0.0
0.0
0.0
0.0
0.0
0.0
0.0
0.0
0.0
0.0
0.0
0.0
0.0
0.0
0.0
0.0
0.0
0.0
0.0
0.0
0.0
0.0
0.0
0.0
0.0
0.0
0.0
0.0
0.0
0.0
0.0
0.0
0.0
0.0
0.0
0.0
0.0
0.0
0.0
0.0
0.0
0.0
0.0
0.0
0.0
0.0
0.0
0.0
0.0
0.0
0.0
0.0
0.0
0.0
0.0
0.0
0.0
0.0
0.0
0.0
0.0
0.0
0.0
0.0
0.0
0.0
0.0
0.0
0.0
0.0
0.0
0.0
0.0
0.0
0.0
0.0
0.0
0.0
0.0
0.0
0.0
0.0
0.0
0.0
0.0
0.0
0.0
0.0
0.0
0.0
0.0
0.0
0.0
0.0
0.0
0.0
0.0
0.0
0.0
0.0
0.0
0.0
0.0
0.0
0.0
0.0
0.0
0.0
0.0
0.0
0.0
0.0
0.0
0.0
0.0
0.0
0.0
0.0
0.0
0.0
0.0
0.0
0.0
0.0
0.0
0.0
0.0
0.0
0.0
0.0
0.0
0.0
0.0
0.0
0.0
0.0
0.0
0.0
0.0
0.0
0.0
0.0
0.0
0.0
0.0
0.0
0.0
0.0
0.0
0.0
0.0
0.0
0.0
0.0
0.0
0.0
0.0
0.0
0.0
0.0
0.0
0.0
0.0
0.0
0.0
0.0
0.0
0.0
0.0
0.0
0.0
0.0
0.0
0.0
0.0
0.0
0.0
0.0
0.0
0.0
0.0
0.0
0.0
0.0
0.0
0.0
0.0
0.0
0.0
0.0
0.0
0.0
0.0
0.0
0.0
0.0
0.0
0.0
0.0
0.0
0.0
0.0
0.0
0.0
0.0
0.0
0.0
0.0
0.0
0.0
0.0
0.0
0.0
0.0
0.0
0.0
0.0
0.0
0.0
0.0
0.0
0.0
0.0
0.0
0.0
0.0
0.0
0.0
0.0
0.0
0.0
0.0
0.0
0.0
0.0
0.0
0.0
0.0
0.0
0.0
0.0
0.0
0.0
0.0
0.0
0.0
0.0
0.0
0.0
0.0
0.0
0.0
0.0
0.0
0.0
0.0
0.0
0.0
0.0
0.0
0.0
0.0
0.0
0.0
0.0
0.0
0.0
0.0
0.0
0.0
0.0
0.0
0.0
0.0
0.0
0.0
0.0
0.0
0.0
0.0
0.0
0.0
0.0
0.0
0.0
0.0
0.0
0.0
0.0
0.0
0.0
0.0
0.0
0.0
0.0
0.0
0.0
0.0
0.0
0.0
0.0
0.0
0.0
0.0
0.0
0.0
0.0
0.0
0.0
0.0
0.0
0.0
0.0
0.0
0.0
0.0
0.0
0.0
0.0
0.0
0.0
0.0
0.0
0.0
0.0
0.0
0.0
0.0
0.0
0.0
0.0
0.0
0.0
0.0
0.0
0.0
0.0
0.0
0.0
0.0
0.0
0.0
0.0
0.0
0.0
0.0
0.0
0.0
0.0
0.0
0.0
0.0
0.0
0.0
0.0
0.0
0.0
0.0
0.0
0.0
0.0
0.0
0.0
0.0
0.0
0.0
0.0
0.0
0.0
0.0
0.0
0.0
0.0
0.0
0.0
0.0
0.0
0.0
0.0
0.0
0.0
0.0
0.0
0.0
0.0
0.0
0.0
0.0
0.0
0.0
0.0
0.0
-0.010302677019389824
-0.09009393162664034
-0.11633519498175529
-0.1560505638337681
-0.19580524626969176
-0.21199830010722062
-0.23985269553841784
-0.242712362642059
-0.22885424315055003
-0.22265478978642214
-0.23872191011015412
-0.2515294496716397
-0.21929326978750802
-0.3383755155175141
-0.32399501460761676
-0.3029330004191021
-0.25888206106899087
-0.22642241850526865
-0.24424375021377132
-0.25302664411923115
-0.2407335853836779
-0.2650543059907315
-0.2001312117047366
-0.2411439645507672
-0.2486005198365799
-0.29716467080480297
-0.32323913510185126
-0.3596340620587102
-0.4062482798844259
-0.39950599649416174
-0.4134261870558395
-0.433088260143441
-0.4507871539129953
-0.46649403900385356
-0.4615087141686776
-0.46858644064506844
-0.4675163984519924
-0.4606286156812909
-0.4690805021530212
-0.4541349369066118
-0.41562636611823894
-0.38675225587920775
-0.38230823107559464
-0.19426616762975257
-0.2575964268645675
-0.2684200783142548
-0.32434732544642947
-0.3488189399786473
-0.34307066205110964
-0.3540589121344707
-0.36878953589293473
-0.36810681720563787
-0.362372990375992
-0.3798940131190304
-0.3679346287452773
-0.3755163216351796
-0.3906290070586399
-0.39143962459966486
-0.3937771432905369
-0.4101509728435283
-0.4210249222481482
-0.4325278432158815
-0.4049318024407498
-0.4070733119976866
-0.4592897341434492
-0.45241068228957604
-0.43971111360728643
-0.42492312873200955
-0.42792244703320287
-0.43469408917340197
-0.4434849940114656
-0.4322768397948173
-0.4333982604201842
-0.4268595165959646
-0.4226756666093076
-0.42047250476483017
-0.4033519244632598
-0.4417077567198822
-0.41680211822988994
-0.41479586792993267
-0.35642029476976506
-0.3230778196476226
-0.31036159250770445
-0.3091490578493925
-0.27668575023968484
-0.32077558523625144
-0.33643811364736464
-0.33248148410153733
-0.3614533815622096
-0.359531355229385
-0.37366755562991794
-0.38119402021314575
-0.4164802350740113
-0.41480168938740064
-0.4341967258437119
-0.4421240477382666
-0.44798092305628534
-0.45525025437678623
-0.47308380751107443
-0.4928245421874904
-0.5005978504919646
-0.490317488295007
-0.49455957754151647
-0.5028788608382297
-0.4769960849593193
-0.46822549518329365
-0.46822549518329365
-0.4658488075370768
-0.4407812558812663
-0.43877292589204064
-0.44481062335026916
-0.4716615751198707
-0.4479786261273953
-0.44327571777633595
-0.4649138834164614
-0.4671108054407545
-0.4760288643215395
-0.4659926114848801
-0.4597248513677362
-0.4752748566565602
-0.4781188307549315
-0.46912790533274323
-0.45647190547073635
-0.44970984141956394
-0.425891370440884
-0.3881249451555254
-0.37147175264155835
-0.3572939866016585
-0.16975386889630487
-0.19598877376433596
-0.2338805149656958
-0.2564241753574285
-0.28253302595592017
-0.2793146847625551
-0.295365007394833
-0.295365007394833
-0.3084184355339615
-0.337706177464194
-0.3568349704391801
-0.3635991741775001
-0.38546114325441466
-0.38714135163067914
-0.4022447105972498
-0.41119685143424206
-0.4172656616579722
-0.41735105489520063
-0.45174237189655436
-0.4457170444489881
-0.45588863256326123
-0.4598046115913486
-0.4496288503546206
-0.44706984367303326
-0.4483485791163918
-0.4518943533650367
-0.46287691686457116
-0.46217740408871083
-0.46356130437984416
-0.4718525586821204
-0.48250002742414366
-0.4897134840283475
-0.4800604983840612
-0.4875703967215964
-0.4796597145322422
-0.47933681186332083
-0.47761809871357225
-0.5846398026639866
-0.5748586067643056
-0.593381684697321
-0.5945278758270394
-0.5744775072038439
-0.5886121866776226
-0.576936126177908
-0.5864856665156186
-0.5789361546756339
-0.5822736080670682
-0.5862939583527164
-0.5904712196693924
-0.5857354602114418
-0.5932119627879266
-0.5828947696560601
-0.5835326909082647
-0.5932089413519004
-0.614374042583402
-0.622638216171718
-0.5877727138331958
-0.5773486712333186
-0.5704432156220323
-0.5561766805498192
-0.5345724895570627
-0.5575710822844462
-0.5517379370562142
-0.5445193667520969
-0.3564723511507915
-0.3701302923696307
-0.3158150273684678
-0.2938389041733849
-0.29059077904258984
-0.30330700618250805
-0.29514844972902676
-0.32820119821630295
-0.4489870571240596
-0.4651456056084173
-0.05572127924552003
-0.09726595978053507
-0.3315891586004015
-0.26621356054290374
-0.27158263990732456
-0.43891070074038635
-0.1363069019426281
-0.40101895953902644
-0.3623167506629357
-0.37847529914729333
-0.08715126585685075
0.04854532364687652
-0.0785623939694271
-0.0843955391976593
-0.034362294042918115
-0.09758085635485753
-0.07872711071128453
-0.0759766653621011
0.03620617839199294
-0.061710130289888136
0.02066657763944096
-0.0540399074885065
-0.05785882305818354
-0.04361586488862926
-0.2760031542565319
-0.2131606562042789
-0.26461717207000574
-0.21564357321915417
-0.25500616917980673
-0.19662072778263315
-0.2583248289260642
-0.23497656003925546
-0.23604094704995668
-0.22205129240006505
-0.24710438789350522
-0.21960794192594962
-0.24736376822048392
-0.21588111182695258
-0.22733548988403698
-0.20934236800273287
-0.2170922489492896
-0.20262263470990455
-0.21188967635813657
-0.19141448049325627
-0.18318482901669886
-0.3523664485488018
-0.3233759186255312
-0.09133751955077023
-0.3555847897421668
-0.3395344671098889
-0.10644087851734091
-0.17035284757778596
-0.3395344671098889
-0.32006905576247174
-0.2834688420276476
-0.15088743623036882
-0.30848864239207086
-0.30848864239207086
-0.09955502648943101
-0.30848864239207086
-0.26965238465181035
-0.14625032431458093
-0.2946721850162336
-0.2817813698688364
-0.08445166752286033
-0.2666780109022657
-0.22800117838531692
-0.25302097874974017
-0.1174899331954847
-0.25302097874974017
-0.057618457684372834
-0.23079892372212735
-0.1957745008782783
-0.22079430124270155
-0.2794650607613654
-0.2647120575963984
-0.09526787816787186
-0.28032517617303926
-0.26803764730931545
-0.22079430124270155
-0.2642472701913966
-0.26803764730931545
-0.21362817724513083
-0.20893361590263987
-0.23835018488448553
-0.2421356558714897
-0.1822263433794054
-0.2247441319904721
-0.1731804660377545
-0.02037938098973262
-0.21355654379280142
-0.19032100542833563
-0.01756808233771564
-0.018302875489768698
-0.19199955111494627
-0.02730804359419088
-0.19278327531931877
-0.0017656221120340076
-0.18619839231575092
0.004449459693475472
0.02088003130507409
-0.1764591257551945
-0.1703183665366595
-0.04251778861106668
-0.0888288721324701
-0.16168659710375505
-0.033202039968849746
-0.08015372105913778
-0.14478165522700592
-0.024722007639354678
-0.08524646389908462
-0.1382870823658904
-0.0037903771179189256
-0.09074179784675547
-0.1400285624786681
-0.0033255897129171354
-0.007745967439583735
-0.0332060362632053
-0.052611517947264715
0.04791379384325289
-0.008750362550107246
-0.059234517121070134
-0.04523302814872134
-0.034807207979958496
-0.013642106748456975
-0.08507482592099755
-0.02273294679569364
0.0020168769801273438
-0.03010693649543896
-0.04042412962730537
-0.044483458423594247
-0.08056254773973419
-0.027978293354679048
-0.027452568874289575
-0.03758343907192366
-0.08706607122509302
-0.026942744020914386
-0.045719076219159265
-0.03116652354335043
-0.035650180476613905
-0.03162983019096572
-0.0185508393351565
-0.04110700033532635
-0.02138206792906213
-0.011832527591351626
-0.06587156353624153
-0.004146834354936469
-0.021701943102832293
-0.007567263629053626
-0.07770429310067167
-0.04534788881586966
-0.004105357593690489
-0.0016515744796366796
0.024674722329446615
-0.006469887042348431
-0.041458051656601
0.003311308857332648
-0.033743827189128744
0.0668232861871226
0.028072703619681255
0.06284249805225307
0.06537559805749783
0.06588157210820154
0.07016992550918794
0.06075808296286584
0.062167617851151886
0.02979141676942975
0.058387520811016703
-0.013795449808117225
0.03897557131841676
-0.181655613630426
-0.18965589698472302
-0.19919855132702166
-0.20997634577271235
-0.20697702747151892
-0.20020538533131993
-0.16633024373078809
-0.17902981241307775
-0.18248879221514575
-0.1951883608974354
-0.15945119187691492
-0.12542560924908397
-0.17560974036127258
-0.16007169668426463
-0.05914726479920961
-0.07241587522904697
-0.09824676280496916
-0.12151100718363772
-0.14532291108917272
-0.14622438476745298
0.012152856901031836
-0.015015685376964755
-0.09862390879975072
-0.10199860791636736
0.04369631433623298
0.020421825148193976
-0.08763904775162604
-0.09324454590814413
-0.14337039757396522
-0.13082789193136013
-0.09059937644743127
-0.08605853141742653
-0.14205293491636226
-0.14643093480250322
-0.08351467261913775
-0.08929776843647316
-0.11648773445881434
-0.11624270640361785
-0.0801075880105594
-0.0840232808316316
-0.11201955481428107
-0.11970207708762436
-0.13133536208785898
-0.08921435803048955
-0.09414127842666331
-0.07614696685945035
-0.06553140903801413
-0.059735247701774304
-0.0603408245523907
-0.11366637105633808
-0.059735247701774304
-0.0603408245523907
-0.057726917712548655
-0.1107767657007825
-0.057726917712548655
-0.02808777559765655
-0.08698292253940255
-0.02808777559765655
-0.013804316775918292
-0.0623637423844281
-0.021571719857001244
-0.013804316775918292
-0.021571719857001244
0.000403227085536344
-0.07290703586012583
-0.015171512986606614
-0.015574740072142958
-0.007767403081082947
-0.047977621962483855
-0.007767403081082947
-0.0346460874351807
-0.016158548484357667
0.0
-0.016158548484357667
0.0
-0.016158548484357667
0.0
-0.025019800364423264
0.0
-0.025019800364423264
-0.025019800364423264
0.0
-0.025019800364423264
0.0
-0.025019800364423264
-0.048572580342721924
0.0
-0.21174842390105064
-0.21174842390105064
-0.025019800364423264
-0.048572580342721924
0.0
-0.21174842390105064
-0.2078376700424594
-0.2078376700424594
-0.025019800364423264
-0.05422443062148034
0.0
-0.2078376700424594
-0.2078376700424594
-0.2078376700424594
-0.03680428447643749
-0.05422443062148034
-0.08622200082622095
-0.0916171115659045
-0.0916171115659045
-0.2078376700424594
-0.2078376700424594
-0.2078376700424594
-0.04390050380427362
-0.05422443062148034
-0.07799477281434188
-0.19421533129089674
-0.19421533129089674
-0.19421533129089674
-0.03503925192420802
-0.05092383322408467
-0.07799477281434188
-0.19421533129089674
-0.18535407941083115
-0.18535407941083115
-0.03624981567184342
-0.05830048336477958
-0.053570980698068316
-0.053570980698068316
-0.011784484112014227
-0.03741243221371065
-0.020091267187485756
-0.042141934880421915
-0.03872002419804602
-0.03872002419804602
-0.011784484112014227
-0.036581280397752
-0.03872002419804602
-0.036581280397752
-0.1867286235366274
-0.18281786967803615
-0.18281786967803615
-0.01453061270481584
-0.036581280397752
-0.17103338556602188
-0.15031482748662314
-0.15031482748662314
-0.02562794810169642
-0.026935540086031794
-0.024796796285737773
-0.024796796285737773
-0.1631758435583287
-0.15926508969973746
-0.15361323942097904
-0.15361323942097904
-0.1399909006694164
-0.13443024618674648
-0.01732116502622489
-0.018628757010560264
-0.10150075356210875
-0.12612973645683587
-0.156571607642814
-0.1357864732321585
-0.13634588154242674
-0.14273187655879607
-0.16165702158952855
-0.16166230289953668
-0.16732806083306187
-0.14510225946442695
-0.14510225946442695
-0.14096289136998844
-0.16918161953210295
-0.13639130091090695
-0.16918161953210295
-0.15760120616170206
-0.1355310455542555
-0.13639130091090695
-0.12974802660206203
-0.09770649034683708
-0.1355310455542555
-0.1255264230748297
-0.1255264230748297
-0.09770649034683708
-0.0974824783017227
-0.08987800307770118
-0.11622055847655488
-0.11622055847655488
-0.11622055847655488
-0.08376538823233588
-0.0753559375640448
-0.07960909458336876
0.031645311787000314
-0.07829558909744654
-0.08457524668955456
-0.07356608643073527
0.0366114638931861
-0.07256350668054028
-0.0718301305219048
-0.07771969907574848
-0.0691415959981644
-0.0725270232638346
-0.07980366023423492
-0.08860156482851089
-0.10014402627568834
-0.08319102516879069
-0.08749709688020027
-0.11720333709571058
-0.11753379121879874
-0.10145161826002372
-0.11720333709571058
0.026365169463073424
0.032790318621195996
0.032790318621195996
0.027853179559640014
0.037824555207418384
0.037824555207418384
0.02804394477310698
0.035648419997128505
0.03245517024421897
0.04086462091251008
-0.11585168285157892
-0.11753379121879874
0.016560043435109754
0.01655476212510162
-0.0016821083672198256
0.013839731084017932
0.0003304541230881597
-0.006843715695624621
0.01575171883568686
-0.025451273041494783
0.005410539659720186
0.012646929395488086
-0.03505720726367411
-0.0020839611584864315
-0.030989950773869627
-0.0006968927419297799
-0.04599917715730783
-0.055536559945059995
-0.05676815165498706
-0.01862822760656748
-0.0409176847792535
-0.008103825551507992
0.04902934081452209
0.039376355170235654
0.04688625350777094
-0.012920370933131758
-0.03081953078273777
-0.022038762379643136
0.036499499917581425
0.044790754219857586
0.055438222961880945
-0.021386857131506502
-0.011861992304148783
-0.007386876669212191
0.024832548902774042
0.035815112402308454
0.0351155996264481
-0.02172614759159821
-0.014431585925440018
-0.009902346697305796
0.026477799750949133
0.020008039210770573
0.02128677465412917
-0.0028358536161310994
-0.006765780880274191
0.006051072526006576
0.03161187118696763
0.0327375819595899
0.03665356098767724
-0.007857797594769702
-0.02280799541733117
0.013250504112605982
0.037637198634533894
0.005305389319135364
0.03327688744948297
0.033453891833607904
0.04518864302665464
0.057030661478190074
0.012581969119198996
0.029318355679260368
0.0353871659029905
0.034023246994793616
0.03605849952993715
0.038340625153136465
0.023407689173357397
0.034023246994793616
0.034023246994793616
0.03753518388829892
0.0371883420648489
0.0371883420648489
0.045233853765926216
0.030424138326528936
0.030424138326528936
0.04301292224572738
0.05650245675795462
0.06430073044399316
0.05789015845416528
0.00769866987762729
0.024012966360125003
0.045494996229303586
0.03948941460380833
0.04476936051393362
0.03221942557198624
0.05853826229722455
0.05713316636603009
0.05277102112653399
0.022805196783791504
0.02556079866096106
0.03638014644825493
0.030370121093622804
0.01807728334174947
0.017269535864387432
-0.004553423731046987
-0.004553423731046987
0.004325267875934711
0.024391950573264928
0.028444068409412007
0.03770826251767454
-0.0001290698898926577
0.002706722909774545
0.0039854583531331485
0.03042164197594073
0.02326337847129906
0.024391950573264928
-0.006577034450704738
-0.010459425693242319
-0.009330853591276451
-0.029260971689102966
-0.029260971689102966
-0.022142686214540887
-0.028098234002375343
-0.028098234002375343
-0.007919473341691552
-0.03323246340384738
-0.036487786884332074
-0.04014891049877502
-0.03699867642664547
-0.03323246340384738
-0.036487786884332074
-0.04014891049877502
-0.034380343093869184
-0.035095908058026884
-0.034380343093869184
-0.035095908058026884
-0.030012526048734185
-0.03379871309543124
-0.03042371354804186
-0.030012526048734185
-0.03379871309543124
-0.03042371354804186
-0.02123087581450936
-0.02123087581450936
-0.022094967180682733
-0.02123087581450936
-0.02123087581450936
-0.030601966926302498
-0.006942950370510471
-0.012265619192053183
-0.006942950370510471
-0.012265619192053183
0.00342900999779328
0.00342900999779328
-0.002453783055677921
0.00342900999779328
0.00342900999779328
-0.002453783055677921
0.0033262705795156578
0.007624322660173172
0.007384134030535172
0.007624322660173172
0.0
0.00784115391819519
0.00784115391819519
0.004057863451019515
0.0
0.00784115391819519
0.00784115391819519
0.01422321287284934
0.0
0.0
0.0
0.0
-0.025737345499637458
-0.024521020463157586
-0.03372280416454139
-0.03372280416454139
-0.03372280416454139
-0.03492354482466979
-0.022630707072796456
-0.012944267988452721
-0.008506999745619765
0.0
0.0
0.0
0.0
0.0
0.0
0.0
0.0
0.0
0.0
0.0
0.0
0.0
0.0
0.0
0.0
0.0
0.0
0.0
-0.002746128592801612
0.0
-0.01697568596104013
-0.01697568596104013
-0.01697568596104013
0.0
-0.002746128592801612
0.0
-0.011580575221356571
-0.011580575221356571
-0.011580575221356571
0.0
-0.0035108957828968823
-0.01697568596104013
-0.011580575221356571
0.0
-0.006883325172863126
-0.006883325172863126
-0.006883325172863126
-0.0035108957828968823
-0.006883325172863126
-0.0035108957828968823
-0.0035108957828968823
-0.0035108957828968823
0.0
-0.002746128592801612
-0.002746128592801612
-0.0035108957828968823
-0.002746128592801612
-0.002746128592801612
0.0
0.0012340017491514737
-0.002746128592801612
0.0012340017491514737
0.0012340017491514737
0.0012340017491514737
-0.01697568596104013
-0.011580575221356571
-0.006883325172863126
-0.0035108957828968823
0.0
0.006885852027909891
-0.002746128592801612
0.006885852027909891
-0.02205066769293616
-0.014229557368238516
-0.008834446628554957
-0.003372429389966243
-0.11622055847655488
0.0047295026667112695
0.003421910682375895
0.014596277129406055
0.011295345351542956
-0.006411983208288738
-0.006411983208288738
-0.0033009317778630986
0.010615557821436212
0.0011627376867276245
0.0011627376867276245
0.0
0.0
0.0
0.0
0.0
0.0
0.0
0.0
0.0
0.0
0.0
0.0
0.0
0.0
0.0
0.0
0.0
0.0
0.0
0.0
0.0
0.0
0.0
0.0
0.0
0.0
0.0
0.0
0.0
0.0
0.0
0.0
0.0
0.0
0.0
0.0
0.0
0.0
0.0
0.0
0.0
0.0
0.0
0.0
0.0
0.0
0.0
0.0
0.0
0.0
0.0
0.0
0.0
0.0
0.0
0.0
0.0
0.0
0.0
0.0
0.0
0.0
0.0
0.0
0.0
0.0
0.0
0.0
0.0
0.0
0.0
0.0
0.0
0.0
0.0
0.0
0.0
0.0
0.0
0.0
0.0
0.0
0.0
0.0
0.0
0.0
0.0
0.0
0.0
0.0
0.0
0.0
0.0
0.0
0.0
0.0
0.0
0.0
0.0
0.0
0.0
0.0
0.0
0.0
0.0
0.0
0.0
0.0
0.0
0.0
0.0
0.0
0.0
0.0
0.0
0.0
0.0
0.0
0.0
0.0
0.0
0.0
0.0
0.0
0.0
0.0
0.0
0.0
0.0
0.0
0.0
0.0
0.0
0.0
0.0
0.0
0.0
0.0
0.0
0.0
0.0
0.0
0.0
0.0
0.0
0.0
0.0
0.0
0.0
0.0
0.0
0.0
0.0
0.0
0.0
0.0
0.0
0.0
0.0
0.0
0.0
0.0
0.0
0.0
0.0
0.0
0.0
0.0
0.0
0.0
0.0
0.0
0.0
0.0
0.0
0.0
0.0
0.0
0.0
0.0
0.0
0.0
0.0
0.0
0.0
0.0
0.0
0.0
0.0
0.0
0.0
0.0
0.0
0.0
0.0
0.0
0.0
0.0
0.0
0.0
0.0
0.0
0.0
0.0
0.0
0.0
0.0
0.0
0.0
0.0
0.0
0.0
0.0
0.0
0.0
0.0
0.0
0.0
0.0
0.0
0.0
0.0
0.0
0.0
0.0
0.0
0.0
0.0
0.0
0.0
0.0
0.0
0.0
0.0
0.0
0.0
0.0
0.0
0.0
0.0
0.0
0.0
0.0
0.0
0.0
0.0
0.0
0.0
0.0
0.0
0.0
0.0
0.0
0.0
0.0
0.0
0.0
0.0
0.0
0.0
0.0
0.0
0.0
0.0
0.0
0.0
0.0
0.0
0.0
0.0
0.0
0.0
0.0
0.0
0.0
0.0
0.0
0.0
0.0
0.0
0.0
0.0
0.0
0.0
0.0
0.0
0.0
0.0
0.0
0.0
0.0
0.0
0.0
0.0
0.0
0.0
0.0
0.0
0.0
0.0
0.0
0.0
0.0
0.0
0.0
0.0
0.0
0.0
0.0
0.0
0.0
0.0
0.0
0.0
0.0
0.0
0.0
0.0
0.0
0.0
0.0
0.0
0.0
0.0
0.0
0.0
0.0
0.0
0.0
0.0
0.0
0.0
0.0
0.0
0.0
0.0
0.0
0.0
0.0
0.0
0.0
0.0
0.0
0.0
0.0
0.0
0.0
0.0
0.0
0.0
0.0
0.0
0.0
0.0
0.0
0.0
0.0
0.0
0.0
0.0
0.0
0.0
0.0
0.0
0.0
0.0
0.0
0.0
0.0
0.0
0.0
0.0
0.0
0.0
0.0
0.0
0.0
0.0
0.0
0.0
0.0
0.0
0.0
0.0
0.0
0.0
0.0
0.0
0.0
0.0
0.0
0.0
0.0
0.0
0.0
0.0
0.0
0.0
0.0
0.0
0.0
0.0
0.0
0.0
0.0
0.0
0.0
0.0
0.0
0.0
0.0
0.0
0.0
0.0
0.0
0.0
0.0
0.0
0.0
0.0
0.0
0.0
0.0
0.0
0.0
0.0
0.0
0.0
0.0
0.0
0.0
0.0
0.0
0.0
0.0
0.0
0.0
0.0
0.0
0.0
0.0
0.0
0.0
0.0
0.0
0.0
0.0
0.0
0.0
0.0
0.0
0.0
0.0
0.0
0.0
0.0
0.0
0.0
0.0
0.0
0.0
0.0
0.0
0.0
0.0
0.0
0.0
0.0
0.0
0.0
0.0
0.0
0.0
0.0
0.0
0.0
0.0
0.0
0.0
0.0
0.0
0.0
0.0
0.0
0.0
0.0
0.0
0.0
0.0
0.0
0.0
0.0
0.0
0.0
0.0
0.0
0.0
0.0
0.0
0.0
0.0
0.0
0.0
0.0
0.0
0.0
0.0
0.0
0.0
0.0
0.0
0.0
0.0
0.0
0.0
0.0
0.0
0.0
0.0
0.0
0.0
0.0
0.0
0.0
0.0
0.0
0.0
0.0
0.0
0.0
0.0
0.0
0.0
0.0
0.0
0.0
0.0
0.0
0.0
0.0
0.0
0.0
0.0
0.0
0.0
0.0
0.0
0.0
0.0
0.0
0.0
0.0
0.0
0.0
0.0
0.0
0.0
0.0
0.0
0.0
0.0
0.0
0.0
0.0
0.0
0.0
0.0
0.0
0.0
0.0
0.0
0.0
0.0
0.0
0.0
0.0
0.0
0.0
0.0
0.0
0.0
0.0
0.0
0.0
0.0
0.0
0.0
0.0
0.0
0.0
0.0
0.0
0.0
0.0
0.0
0.0
0.0
0.0
0.0
0.0
0.0
0.0
0.0
0.0
0.0
0.0
0.0
0.0
0.0
0.0
0.0
0.0
0.0
0.0
0.0
0.0
0.0
0.0
0.0
0.0
0.0
0.0
0.0
0.0
0.0
0.0
0.0
0.0
0.0
0.0
0.0
0.0
0.0
0.0
0.0
0.0
0.0
0.0
0.0
0.0
0.0
0.0
0.0
0.0
0.0
0.0
0.0
0.0
0.0
0.0
0.0
0.0
0.0
0.0
0.0
0.0
0.0
0.0
0.0
0.0
0.0
0.0
0.0
0.0
0.0
0.0
0.0
0.0
0.0
0.0
0.0
0.0
0.0
0.0
0.0
0.0
0.0
0.0
0.0
0.0
0.0
0.0
0.0
0.0
0.0
0.0
0.0
0.0
0.0
0.0
0.0
0.0
0.0
0.0
0.0
0.0
0.0
0.0
0.0
0.0
0.0
0.0
0.0
0.0
0.0
0.0
0.0
0.0
0.0
0.0
0.0
0.0
0.0
0.0
0.0
0.0
0.0
0.0
0.0
0.0
0.0
0.0
0.0
0.0
0.0
0.0
0.0
0.0
0.0
0.0
0.0
0.0
0.0
0.0
0.0
0.0
0.0
0.0
0.0
0.0
0.0
0.0
0.0
0.0
0.0
0.0
0.0
0.0
0.0
0.0
0.0
0.0
0.0
0.0
0.0
0.0
0.0
0.0
0.0
0.0
0.0
0.0
0.0
0.0
0.0
0.0
0.0
0.0
0.0
0.0
0.0
0.0
0.0
0.0
0.0
0.0
0.0
0.0
0.0
0.0
0.0
0.0
0.0
0.0
0.0
0.0
0.0
0.0
0.0
0.0
0.0
0.0
0.0
0.0
0.0
0.0
0.0
0.0
0.0
0.0
0.0
0.0
0.0
0.0
0.0
0.0
0.0
0.0
0.0
0.0
0.0
0.0
0.0
0.0
0.0
0.0
0.0
0.0
0.0
0.0
0.0
0.0
0.0
0.0
0.0
0.0
0.0
0.0
0.0
0.0
0.0
0.0
0.0
0.0
0.0
0.0
0.0
0.0
0.0
0.0
0.0
0.0
0.0
0.0
0.0
0.0
0.0
0.0
0.0
0.0
0.0
0.0
0.0
0.0
0.0
0.0
0.0
0.0
0.0
0.0
0.0
0.0
0.0
0.0
0.0
0.0
0.0
0.0
0.0
0.0
0.0
0.0
0.0
0.0
0.0
0.0
0.0
0.0
0.0
0.0
0.0
0.0
0.0
0.0
0.0
0.0
0.0
0.0
0.0
0.0
0.0
0.0
0.0
0.0
0.0
0.0
0.0
0.0
0.0
0.0
0.0
0.0
0.0
0.0
0.0
0.0
0.0
0.0
0.0
0.0
0.0
0.0
0.0
0.0
0.0
0.0
0.0
0.0
0.0
0.0
0.0
0.0
0.0
0.0
0.0
0.0
0.0
0.0
0.0
0.0
0.0
0.0
0.0
0.0
0.0
0.0
0.0
0.0
0.0
0.0
0.0
0.0
0.0
0.0
0.0
0.0
0.0
0.0
0.0
0.0
0.0
0.0
0.0
0.0
0.0
0.0
0.0
0.0
0.0
0.0
0.0
0.0
0.0
0.0
0.0
0.0
0.0
0.0
0.0
0.0
0.0
0.0
0.0
0.0
0.0
0.0
0.0
0.0
0.0
0.0
0.0
0.0
0.0
0.0
0.0
0.0
0.0
0.0
0.0
0.0
0.0
0.0
0.0
0.0
0.0
0.0
0.0
0.0
0.0
0.0
0.0
0.0
0.0
0.0
0.0
0.0
0.0
0.0
0.0
0.0
0.0
0.0
0.0
0.0
0.0
0.0
0.0
0.0
0.0
0.0
0.0
0.0
0.0
0.0
0.0
0.0
0.0
0.0
0.0
0.0
0.0
0.0
0.0
0.0
0.0
0.0
0.0
0.0
0.0
0.0
0.0
0.0
0.0
0.0
0.0
0.0
0.0
0.0
0.0
0.0
0.0
0.0
0.0
0.0
0.0
0.0
0.0
0.0
0.0
0.0
0.0
0.0
0.0
0.0
0.0
0.0
0.0
0.0
0.0
0.0
0.0
0.0
0.0
0.0
0.0
0.0
0.0
0.0
0.0
0.0
0.0
0.0
0.0
0.0
0.0
0.0
0.0
0.0
0.0
0.0
0.0
0.0
0.0
0.0
0.0
0.0
0.0
0.0
0.0
0.0
0.0
0.0
0.0
0.0
0.0
0.0
0.0
0.0
0.0
0.0
0.0
0.0
0.0
0.0
0.0
0.0
0.0
0.0
0.0
0.0
0.0
0.0
0.0
0.0
0.0
0.0
0.0
0.0
0.0
0.0
0.0
0.0
0.0
0.0
0.0
0.0
0.0
0.0
0.0
0.0
0.0
0.0
0.0
0.0
0.0
0.0
0.0
0.0
0.0
0.0
0.0
0.0
0.0
0.0
0.0
0.0
0.0
0.0
0.0
0.0
0.0
0.0
0.0
0.0
0.0
0.0
0.0
0.0
0.0
0.0
0.0
0.0
0.0
0.0
0.0
0.0
0.0
0.0
0.0
0.0
0.0
0.0
0.0
0.0
0.0
0.0
0.0
0.0
0.0
0.0
0.0
0.0
0.0
0.0
0.0
0.0
0.0
0.0
0.0
0.0
0.0
0.0
0.0
0.0
0.0
0.0
0.0
0.0
0.0
0.0
0.0
