-200.0 
-200.0 
-200.0 
-200.0 
-200.0 
-200.0 
-200.0 
-200.0 
-200.0 
-200.0 
-200.0 
-200.0 
-200.0 
-200.0 
-200.0 
-200.0 
-200.0 
-200.0 
-200.0 
-200.0 
-200.0 
-200.0 
-200.0 
-200.0 
-200.0 
-200.0 
-200.0 
-200.0 
-200.0 
-200.0 
-200.0 
-200.0 
-200.0 
-200.0 
-200.0 
-200.0 
-200.0 
-200.0 
-200.0 
-200.0 
-200.0 
-200.0 
-200.0 
-200.0 
-200.0 
-200.0 
-200.0 
-200.0 
-200.0 
-200.0 
-200.0 
-200.0 
-200.0 
-200.0 
-200.0 
-200.0 
-200.0 
-200.0 
-200.0 
-200.0 
-200.0 
-200.0 
-200.0 
-200.0 
-200.0 
-200.0 
-200.0 
-200.0 
-200.0 
-200.0 
-200.0 
-200.0 
-200.0 
-200.0 
-200.0 
-200.0 
-200.0 
-200.0 
-200.0 
-200.0 
-200.0 
-200.0 
-200.0 
-200.0 
-200.0 
-200.0 
-200.0 
-200.0 
-200.0 
-200.0 
-200.0 
-200.0 
-200.0 
-200.0 
-200.0 
-200.0 
-200.0 
-200.0 
-200.0 
-200.0 
-200.0 
-200.0 
-200.0 
-200.0 
-200.0 
-200.0 
-200.0 
-200.0 
-200.0 
-200.0 
-200.0 
-200.0 
-200.0 
-200.0 
-200.0 
-200.0 
-200.0 
-200.0 
-200.0 
-200.0 
-200.0 
-200.0 
-200.0 
-200.0 
-200.0 
-200.0 
-200.0 
-200.0 
-200.0 
-200.0 
-200.0 
-200.0 
-200.0 
-200.0 
-200.0 
-200.0 
-200.0 
-200.0 
-200.0 
-200.0 
-200.0 
-200.0 
-200.0 
-200.0 
-200.0 
-200.0 
-200.0 
-200.0 
-200.0 
-200.0 
-200.0 
-200.0 
-200.0 
-200.0 
-200.0 
-200.0 
-200.0 
-200.0 
-200.0 
-200.0 
-200.0 
-200.0 
-200.0 
-200.0 
-200.0 
-200.0 
-200.0 
-200.0 
-200.0 
-200.0 
-200.0 
-200.0 
-200.0 
-200.0 
-200.0 
-200.0 
-200.0 
-200.0 
-200.0 
-200.0 
-200.0 
-200.0 
-200.0 
-200.0 
-200.0 
-200.0 
-200.0 
-200.0 
-200.0 
-200.0 
-200.0 
-200.0 
-200.0 
-200.0 
-200.0 
-200.0 
-200.0 
-200.0 
-200.0 
-200.0 
-200.0 
-200.0 
-200.0 
-200.0 
-200.0 
-200.0 
-200.0 
-200.0 
-200.0 
-200.0 
-200.0 
-200.0 
-200.0 
-200.0 
-200.0 
-200.0 
-200.0 
-200.0 
-200.0 
-200.0 
-200.0 
-200.0 
-200.0 
-200.0 
-200.0 
-200.0 
-200.0 
-200.0 
-200.0 
-200.0 
-200.0 
-200.0 
-200.0 
-200.0 
-200.0 
-200.0 
-200.0 
-200.0 
-200.0 
-200.0 
-200.0 
-200.0 
-200.0 
-200.0 
-200.0 
-200.0 
-200.0 
-200.0 
-200.0 
-200.0 
-200.0 
-200.0 
-200.0 
-200.0 
-200.0 
-200.0 
-200.0 
-200.0 
-200.0 
-200.0 
-200.0 
-200.0 
-200.0 
-200.0 
-200.0 
-200.0 
-200.0 
-200.0 
-200.0 
-200.0 
-200.0 
-200.0 
-200.0 
-200.0 
-200.0 
-200.0 
-200.0 
-200.0 
-200.0 
-200.0 
-200.0 
-200.0 
-200.0 
-200.0 
-200.0 
-200.0 
-200.0 
-200.0 
-200.0 
-200.0 
-200.0 
-200.0 
-200.0 
-200.0 
-200.0 
-200.0 
-200.0 
-200.0 
-200.0 
-200.0 
-200.0 
-200.0 
-200.0 
-200.0 
-200.0 
-200.0 
-200.0 
-200.0 
-200.0 
-200.0 
-200.0 
-200.0 
-200.0 
-200.0 
-200.0 
-200.0 
-200.0 
-200.0 
-200.0 
-200.0 
-200.0 
-200.0 
-200.0 
-200.0 
-200.0 
-200.0 
-200.0 
-200.0 
-200.0 
-200.0 
-200.0 
-200.0 
-200.0 
-200.0 
-200.0 
-200.0 
-200.0 
-200.0 
-200.0 
-200.0 
-200.0 
-200.0 
-200.0 
-200.0 
-200.0 
-200.0 
-200.0 
-200.0 
-200.0 
-200.0 
-200.0 
-200.0 
-200.0 
-200.0 
-200.0 
-200.0 
-200.0 
-200.0 
-200.0 
-200.0 
-200.0 
-200.0 
-200.0 
-200.0 
-200.0 
-200.0 
-200.0 
-200.0 
-200.0 
-200.0 
-200.0 
-200.0 
-200.0 
-200.0 
-200.0 
-200.0 
-200.0 
-200.0 
-200.0 
-200.0 
-200.0 
-200.0 
-200.0 
-200.0 
-200.0 
-200.0 
-200.0 
-200.0 
-200.0 
-200.0 
-200.0 
-200.0 
-200.0 
-200.0 
-200.0 
-200.0 
-200.0 
-200.0 
-200.0 
-200.0 
-200.0 
-200.0 
-200.0 
-200.0 
-200.0 
-200.0 
-200.0 
-200.0 
-200.0 
-200.0 
-200.0 
-200.0 
-200.0 
-200.0 
-200.0 
-200.0 
-200.0 
-200.0 
-200.0 
-200.0 
-200.0 
-200.0 
-200.0 
-200.0 
-200.0 
-200.0 
-200.0 
-200.0 
-200.0 
-200.0 
-200.0 
-200.0 
-200.0 
-200.0 
-200.0 
-200.0 
-200.0 
-200.0 
-200.0 
-200.0 
-200.0 
-200.0 
-200.0 
-200.0 
-200.0 
-200.0 
-200.0 
-200.0 
-200.0 
-200.0 
-200.0 
-200.0 
-200.0 
-200.0 
-200.0 
-200.0 
-200.0 
-200.0 
-200.0 
-200.0 
-200.0 
-200.0 
-200.0 
-200.0 
-200.0 
-200.0 
-200.0 
-200.0 
-200.0 
-200.0 
-200.0 
-200.0 
-200.0 
-200.0 
-200.0 
-200.0 
-200.0 
-200.0 
-200.0 
-200.0 
-200.0 
-200.0 
-200.0 
-200.0 
-200.0 
-200.0 
-200.0 
-200.0 
-200.0 
-200.0 
-200.0 
-200.0 
-200.0 
-200.0 
-200.0 
-200.0 
-200.0 
-200.0 
-200.0 
-200.0 
-200.0 
-200.0 
-200.0 
-200.0 
-200.0 
-200.0 
-200.0 
-200.0 
-200.0 
-200.0 
-200.0 
-200.0 
-200.0 
-200.0 
-200.0 
-200.0 
-200.0 
-200.0 
-200.0 
-200.0 
-200.0 
-200.0 
-200.0 
-200.0 
-200.0 
-200.0 
-200.0 
-200.0 
-200.0 
-200.0 
-200.0 
-200.0 
-200.0 
-200.0 
-200.0 
-200.0 
-200.0 
-200.0 
-200.0 
-200.0 
-200.0 
-200.0 
-200.0 
-200.0 
-200.0 
-200.0 
-200.0 
-200.0 
-200.0 
-200.0 
-200.0 
-200.0 
-200.0 
-200.0 
-200.0 
-200.0 
-200.0 
-200.0 
-200.0 
-200.0 
-200.0 
-200.0 
-200.0 
-200.0 
-200.0 
-200.0 
-200.0 
-200.0 
-200.0 
-200.0 
-200.0 
-200.0 
-200.0 
-200.0 
-200.0 
-200.0 
-200.0 
-200.0 
-200.0 
-200.0 
-200.0 
-200.0 
-200.0 
-200.0 
-200.0 
-200.0 
-200.0 
-200.0 
-200.0 
-200.0 
-200.0 
-200.0 
-200.0 
-200.0 
-200.0 
-200.0 
-200.0 
-200.0 
-200.0 
-200.0 
-200.0 
-200.0 
-200.0 
-200.0 
-200.0 
-200.0 
-200.0 
-200.0 
-200.0 
-200.0 
-200.0 
-200.0 
-200.0 
-200.0 
-200.0 
-200.0 
-200.0 
-200.0 
-200.0 
-200.0 
-200.0 
-200.0 
-200.0 
-200.0 
-200.0 
-200.0 
-200.0 
-200.0 
-200.0 
-200.0 
-200.0 
-200.0 
-200.0 
-200.0 
-200.0 
-200.0 
-200.0 
-200.0 
-200.0 
-200.0 
-200.0 
-200.0 
-200.0 
-200.0 
-200.0 
-200.0 
-200.0 
-200.0 
-200.0 
-200.0 
-200.0 
-200.0 
-200.0 
-200.0 
-200.0 
-200.0 
-200.0 
-200.0 
-200.0 
-200.0 
-200.0 
-200.0 
-200.0 
-200.0 
-200.0 
-200.0 
-200.0 
-200.0 
-200.0 
-200.0 
-200.0 
-200.0 
-200.0 
-200.0 
-200.0 
-200.0 
-200.0 
-200.0 
-200.0 
-200.0 
-200.0 
-200.0 
-200.0 
-200.0 
-200.0 
-200.0 
-200.0 
-200.0 
-200.0 
-200.0 
-200.0 
-200.0 
-200.0 
-200.0 
-200.0 
-200.0 
-200.0 
-200.0 
-200.0 
-200.0 
-200.0 
-200.0 
-200.0 
-200.0 
-200.0 
-200.0 
-200.0 
-200.0 
-200.0 
-200.0 
-200.0 
-200.0 
-200.0 
-200.0 
-200.0 
-200.0 
-200.0 
-200.0 
-200.0 
-200.0 
-200.0 
-200.0 
-200.0 
-200.0 
-200.0 
-200.0 
-200.0 
-200.0 
-200.0 
-200.0 
-200.0 
-200.0 
-200.0 
-200.0 
-200.0 
-200.0 
-200.0 
-200.0 
-200.0 
-200.0 
-200.0 
-200.0 
-200.0 
-200.0 
-200.0 
-200.0 
-200.0 
-200.0 
-200.0 
-200.0 
-200.0 
-200.0 
-200.0 
-200.0 
-200.0 
-200.0 
-200.0 
-200.0 
-200.0 
-200.0 
-200.0 
-200.0 
-200.0 
-200.0 
-200.0 
-200.0 
-200.0 
-200.0 
-200.0 
-200.0 
-200.0 
-200.0 
-200.0 
-200.0 
-200.0 
-200.0 
-200.0 
-200.0 
-200.0 
-200.0 
-200.0 
-200.0 
-200.0 
-200.0 
-200.0 
-200.0 
-200.0 
-200.0 
-200.0 
-200.0 
-200.0 
-200.0 
-200.0 
-200.0 
-200.0 
-200.0 
-200.0 
-200.0 
-200.0 
-200.0 
-200.0 
-200.0 
-200.0 
-200.0 
-200.0 
-200.0 
-200.0 
-200.0 
-200.0 
-200.0 
-200.0 
-200.0 
-200.0 
-200.0 
-200.0 
-200.0 
-200.0 
-200.0 
-200.0 
-200.0 
-200.0 
-200.0 
-200.0 
-200.0 
-200.0 
-200.0 
-200.0 
-200.0 
-200.0 
-200.0 
-200.0 
-200.0 
-200.0 
-200.0 
-200.0 
-200.0 
-200.0 
-200.0 
-200.0 
-200.0 
-200.0 
-200.0 
-200.0 
-200.0 
-200.0 
-200.0 
-200.0 
-200.0 
-200.0 
-200.0 
-200.0 
-200.0 
-200.0 
-200.0 
-200.0 
-200.0 
-200.0 
-200.0 
-200.0 
-200.0 
-200.0 
-200.0 
-200.0 
-200.0 
-200.0 
-200.0 
-200.0 
-200.0 
-200.0 
-200.0 
-200.0 
-200.0 
-200.0 
-200.0 
-200.0 
-200.0 
-200.0 
-200.0 
-200.0 
-200.0 
-200.0 
-200.0 
-200.0 
-200.0 
-200.0 
-200.0 
-200.0 
-200.0 
-200.0 
-200.0 
-200.0 
-200.0 
-200.0 
-200.0 
-200.0 
-200.0 
-200.0 
-200.0 
-200.0 
-200.0 
-200.0 
-200.0 
-200.0 
-200.0 
-200.0 
-200.0 
-200.0 
-200.0 
-200.0 
-200.0 
-200.0 
-200.0 
-200.0 
-200.0 
-200.0 
-200.0 
-200.0 
-200.0 
-200.0 
-200.0 
-200.0 
-150.0 
-200.0 
-200.0 
-200.0 
-200.0 
-200.0 
-200.0 
-200.0 
-200.0 
-200.0 
-200.0 
-200.0 
-200.0 
-200.0 
-200.0 
-200.0 
-200.0 
-200.0 
-200.0 
-200.0 
-200.0 
-200.0 
-200.0 
-200.0 
-200.0 
-200.0 
-200.0 
-200.0 
-200.0 
-200.0 
-200.0 
-200.0 
-200.0 
-200.0 
-200.0 
-189.0 
-181.0 
-200.0 
-200.0 
-200.0 
-200.0 
-200.0 
-200.0 
-200.0 
-200.0 
-200.0 
-200.0 
-200.0 
-200.0 
-200.0 
-200.0 
-200.0 
-200.0 
-200.0 
-200.0 
-200.0 
-200.0 
-200.0 
-200.0 
-200.0 
-200.0 
-200.0 
-200.0 
-200.0 
-200.0 
-200.0 
-200.0 
-200.0 
-200.0 
-200.0 
-200.0 
-200.0 
-200.0 
-200.0 
-200.0 
-200.0 
-200.0 
-200.0 
-200.0 
-200.0 
-200.0 
-200.0 
-200.0 
-200.0 
-200.0 
-200.0 
-200.0 
-200.0 
-200.0 
-200.0 
-200.0 
-200.0 
-200.0 
-200.0 
-200.0 
-200.0 
-200.0 
-200.0 
-200.0 
-200.0 
-200.0 
-200.0 
-200.0 
-200.0 
-200.0 
-200.0 
-200.0 
-200.0 
-200.0 
-200.0 
-200.0 
-200.0 
-200.0 
-200.0 
-200.0 
-200.0 
-200.0 
-200.0 
-200.0 
-200.0 
-200.0 
-200.0 
-200.0 
-200.0 
-200.0 
-200.0 
-200.0 
-200.0 
-200.0 
-200.0 
-200.0 
-200.0 
-200.0 
-200.0 
-200.0 
-200.0 
-200.0 
-187.0 
-179.0 
-200.0 
-200.0 
-192.0 
-192.0 
-200.0 
-197.0 
-195.0 
-193.0 
-197.0 
-199.0 
-198.0 
-198.0 
-197.0 
-189.0 
-200.0 
-198.0 
-199.0 
-199.0 
-200.0 
-199.0 
-193.0 
-191.0 
-200.0 
-200.0 
-200.0 
-198.0 
-200.0 
-200.0 
-200.0 
-200.0 
-200.0 
-200.0 
-200.0 
-193.0 
-198.0 
-200.0 
-189.0 
-187.0 
-197.0 
-200.0 
-200.0 
-200.0 
-200.0 
-199.0 
-192.0 
-197.0 
-200.0 
-200.0 
-200.0 
-198.0 
-200.0 
-200.0 
-196.0 
-200.0 
-200.0 
-192.0 
-189.0 
-194.0 
-187.0 
-200.0 
-200.0 
-198.0 
-200.0 
-200.0 
-200.0 
-200.0 
-200.0 
-198.0 
-200.0 
-198.0 
-192.0 
-200.0 
-196.0 
-189.0 
-189.0 
-184.0 
-200.0 
-195.0 
-193.0 
-190.0 
-196.0 
-191.0 
-179.0 
-200.0 
-200.0 
-200.0 
-198.0 
-194.0 
-200.0 
-195.0 
-200.0 
-200.0 
-195.0 
-200.0 
-200.0 
-200.0 
-200.0 
-199.0 
-200.0 
-198.0 
-186.0 
-200.0 
-198.0 
-200.0 
-199.0 
-131.0 
-119.0 
-171.0 
-194.0 
-200.0 
-198.0 
-181.0 
-188.0 
-139.0 
-196.0 
-192.0 
-200.0 
-200.0 
-130.0 
-178.0 
-200.0 
-200.0 
-193.0 
-130.0 
-197.0 
-198.0 
-124.0 
-121.0 
-121.0 
-129.0 
-119.0 
-174.0 
-190.0 
-190.0 
-194.0 
-196.0 
-191.0 
-130.0 
-121.0 
-172.0 
-131.0 
-169.0 
-124.0 
-193.0 
-200.0 
-196.0 
-200.0 
-122.0 
-121.0 
-176.0 
-125.0 
-182.0 
-139.0 
-199.0 
-200.0 
-198.0 
-200.0 
-199.0 
-200.0 
-194.0 
-198.0 
-127.0 
-124.0 
-170.0 
-123.0 
-120.0 
-174.0 
-200.0 
-200.0 
-200.0 
-200.0 
-199.0 
-199.0 
-200.0 
-197.0 
-195.0 
-197.0 
-196.0 
-197.0 
-191.0 
-190.0 
-127.0 
-171.0 
-200.0 
-200.0 
-200.0 
-200.0 
-199.0 
-200.0 
-200.0 
-185.0 
-187.0 
-200.0 
-200.0 
-199.0 
-200.0 
-200.0 
-131.0 
-121.0 
-191.0 
-197.0 
-195.0 
-195.0 
-197.0 
-200.0 
-200.0 
-200.0 
-194.0 
-196.0 
-196.0 
-126.0 
-194.0 
-200.0 
-198.0 
-195.0 
-200.0 
-200.0 
-200.0 
-200.0 
-131.0 
-177.0 
-197.0 
-198.0 
-128.0 
-190.0 
-197.0 
-194.0 
-195.0 
-197.0 
-192.0 
-191.0 
-194.0 
-200.0 
-200.0 
-122.0 
-187.0 
-200.0 
-200.0 
-200.0 
-200.0 
-194.0 
-197.0 
-193.0 
-195.0 
-196.0 
-197.0 
-200.0 
-198.0 
-199.0 
-197.0 
-199.0 
-190.0 
-197.0 
-197.0 
-195.0 
-195.0 
-200.0 
-200.0 
-193.0 
-195.0 
-200.0 
-200.0 
-183.0 
-200.0 
-200.0 
-200.0 
-200.0 
-189.0 
-197.0 
-197.0 
-135.0 
-200.0 
-200.0 
-197.0 
-200.0 
-131.0 
-186.0 
-132.0 
-120.0 
-127.0 
-188.0 
-199.0 
-199.0 
-197.0 
-130.0 
-192.0 
-200.0 
-200.0 
-196.0 
-200.0 
-200.0 
-196.0 
-197.0 
-200.0 
-200.0 
-129.0 
-126.0 
-123.0 
-177.0 
-194.0 
-198.0 
-200.0 
-200.0 
-131.0 
-122.0 
-179.0 
-199.0 
-198.0 
-198.0 
-199.0 
-200.0 
-127.0 
-189.0 
-199.0 
-200.0 
-131.0 
-121.0 
-188.0 
-199.0 
-133.0 
-121.0 
-178.0 
-200.0 
-197.0 
-122.0 
-189.0 
-198.0 
-196.0 
-196.0 
-200.0 
-200.0 
-121.0 
-200.0 
-200.0 
-200.0 
-123.0 
-125.0 
-129.0 
-125.0 
-125.0 
-190.0 
-200.0 
-199.0 
-200.0 
-200.0 
-131.0 
-191.0 
-200.0 
-200.0 
-119.0 
-186.0 
-200.0 
-194.0 
-196.0 
-198.0 
-200.0 
-196.0 
-188.0 
-200.0 
-197.0 
-133.0 
-127.0 
-196.0 
-200.0 
-120.0 
-124.0 
-191.0 
-200.0 
-195.0 
-200.0 
-132.0 
-132.0 
-119.0 
-124.0 
-188.0 
-200.0 
-200.0 
-127.0 
-194.0 
-200.0 
-123.0 
-200.0 
-198.0 
-119.0 
-188.0 
-200.0 
-198.0 
-200.0 
-126.0 
-200.0 
-195.0 
-184.0 
-200.0 
-195.0 
-199.0 
-194.0 
-200.0 
-196.0 
-199.0 
-200.0 
-199.0 
-200.0 
-200.0 
-200.0 
-196.0 
-129.0 
-130.0 
-121.0 
-196.0 
-197.0 
-197.0 
-200.0 
-200.0 
-196.0 
-200.0 
-200.0 
-200.0 
-200.0 
-197.0 
-200.0 
-200.0 
-200.0 
-196.0 
-200.0 
-127.0 
-200.0 
-196.0 
-196.0 
-200.0 
-200.0 
-200.0 
-200.0 
-122.0 
-123.0 
-200.0 
-200.0 
-193.0 
-199.0 
-197.0 
-200.0 
-200.0 
-123.0 
-194.0 
-197.0 
-121.0 
-128.0 
-193.0 
-200.0 
-199.0 
-200.0 
-200.0 
-137.0 
-198.0 
-197.0 
-200.0 
-199.0 
-199.0 
-200.0 
-200.0 
-200.0 
-200.0 
-200.0 
-196.0 
-200.0 
-200.0 
-198.0 
-196.0 
-129.0 
-133.0 
-196.0 
-200.0 
-200.0 
-194.0 
-200.0 
-126.0 
-193.0 
-200.0 
-198.0 
-200.0 
-200.0 
-200.0 
-200.0 
-199.0 
-130.0 
-198.0 
-200.0 
-200.0 
-200.0 
-198.0 
-200.0 
-121.0 
-193.0 
-198.0 
-200.0 
-198.0 
-199.0 
-198.0 
-200.0 
-125.0 
-200.0 
-200.0 
-126.0 
-197.0 
-200.0 
-200.0 
-197.0 
-122.0 
-199.0 
-200.0 
-125.0 
-129.0 
-200.0 
-200.0 
-200.0 
-200.0 
-125.0 
-200.0 
-200.0 
-200.0 
-200.0 
-195.0 
-199.0 
-200.0 
-200.0 
-200.0 
-200.0 
-123.0 
-124.0 
-200.0 
-200.0 
-123.0 
-196.0 
-200.0 
-122.0 
-124.0 
-200.0 
-200.0 
-124.0 
-197.0 
-200.0 
-131.0 
-198.0 
-198.0 
-200.0 
-200.0 
-200.0 
-200.0 
-200.0 
-130.0 
-131.0 
-200.0 
-200.0 
-123.0 
-126.0 
-132.0 
-200.0 
-200.0 
-123.0 
-122.0 
-197.0 
-200.0 
-200.0 
-200.0 
-131.0 
-129.0 
-198.0 
-200.0 
-198.0 
-199.0 
-200.0 
-125.0 
-129.0 
-122.0 
-197.0 
-198.0 
-199.0 
-199.0 
-200.0 
-126.0 
-124.0 
-200.0 
-200.0 
-200.0 
-198.0 
-200.0 
-200.0 
-123.0 
-128.0 
-200.0 
-199.0 
-200.0 
-199.0 
-200.0 
-200.0 
-200.0 
-196.0 
-199.0 
-200.0 
-200.0 
-200.0 
-200.0 
-200.0 
-200.0 
-200.0 
-200.0 
-200.0 
-200.0 
-200.0 
-198.0 
-199.0 
-200.0 
-128.0 
-198.0 
-200.0 
-127.0 
-130.0 
-200.0 
-200.0 
-198.0 
-200.0 
-131.0 
-125.0 
-198.0 
-198.0 
-200.0 
-127.0 
-198.0 
-200.0 
-199.0 
-200.0 
-200.0 
-200.0 
-199.0 
-200.0 
-198.0 
-200.0 
-200.0 
-200.0 
-197.0 
-200.0 
-125.0 
-198.0 
-200.0 
-125.0 
-200.0 
-199.0 
-200.0 
-199.0 
-200.0 
-198.0 
-200.0 
-126.0 
-131.0 
-200.0 
-200.0 
-121.0 
-129.0 
-122.0 
-126.0 
-199.0 
-200.0 
-200.0 
-200.0 
-123.0 
-124.0 
-200.0 
-200.0 
-198.0 
-199.0 
-135.0 
-200.0 
-200.0 
-119.0 
-126.0 
-132.0 
-135.0 
-198.0 
-200.0 
-124.0 
-200.0 
-200.0 
-126.0 
-200.0 
-200.0 
-200.0 
-199.0 
-200.0 
-200.0 
-127.0 
-123.0 
-200.0 
-200.0 
-199.0 
-200.0 
-132.0 
-136.0 
-200.0 
-200.0 
-199.0 
-200.0 
-200.0 
-120.0 
-200.0 
-199.0 
-200.0 
-200.0 
-200.0 
-200.0 
-200.0 
-123.0 
-130.0 
-200.0 
-200.0 
-200.0 
-200.0 
-200.0 
-200.0 
-200.0 
-200.0 
-200.0 
-124.0 
-200.0 
-200.0 
-124.0 
-128.0 
-200.0 
-200.0 
-198.0 
-200.0 
-121.0 
-200.0 
-200.0 
-119.0 
-200.0 
-200.0 
-126.0 
-126.0 
-199.0 
-200.0 
-124.0 
-128.0 
-122.0 
-200.0 
-200.0 
-200.0 
-200.0 
-200.0 
-200.0 
-200.0 
-200.0 
-131.0 
-124.0 
-128.0 
-200.0 
-200.0 
-200.0 
-199.0 
-200.0 
-122.0 
-126.0 
-200.0 
-200.0 
-199.0 
-200.0 
-200.0 
-200.0 
-200.0 
-128.0 
-200.0 
-200.0 
-199.0 
-200.0 
-121.0 
-198.0 
-200.0 
-123.0 
-129.0 
-200.0 
-200.0 
-120.0 
-200.0 
-122.0 
-200.0 
-200.0 
-121.0 
-125.0 
-134.0 
-200.0 
-200.0 
-119.0 
-122.0 
-200.0 
-200.0 
-200.0 
-200.0 
-200.0 
-200.0 
-200.0 
-200.0 
-200.0 
-200.0 
-200.0 
-128.0 
-124.0 
-125.0 
-200.0 
-122.0 
-199.0 
-199.0 
-200.0 
-200.0 
-200.0 
-200.0 
-200.0 
-124.0 
-200.0 
-200.0 
-200.0 
-200.0 
-200.0 
-200.0 
-200.0 
-121.0 
-200.0 
-200.0 
-120.0 
-200.0 
-200.0 
-200.0 
-200.0 
-200.0 
-122.0 
-200.0 
-200.0 
-200.0 
-199.0 
-200.0 
-200.0 
-200.0 
-118.0 
-121.0 
-200.0 
-124.0 
-200.0 
-200.0 
-200.0 
-200.0 
-122.0 
-123.0 
-124.0 
-200.0 
-122.0 
-200.0 
-119.0 
-199.0 
-199.0 
-200.0 
-122.0 
-200.0 
-200.0 
-200.0 
-200.0 
-200.0 
-200.0 
-194.0 
-200.0 
-200.0 
-200.0 
-134.0 
-200.0 
-200.0 
-200.0 
-124.0 
-200.0 
-121.0 
-200.0 
-200.0 
-200.0 
-200.0 
-120.0 
-200.0 
-200.0 
-123.0 
-130.0 
-199.0 
-199.0 
-200.0 
-200.0 
-198.0 
-200.0 
-200.0 
-126.0 
-200.0 
-200.0 
-200.0 
-121.0 
-124.0 
-200.0 
-200.0 
-200.0 
-200.0 
-200.0 
-200.0 
-200.0 
-200.0 
-200.0 
-200.0 
-200.0 
-200.0 
-200.0 
-200.0 
-200.0 
-200.0 
-200.0 
-125.0 
-130.0 
-200.0 
-121.0 
-200.0 
-200.0 
-200.0 
-128.0 
-124.0 
-200.0 
-200.0 
-200.0 
-200.0 
-200.0 
-199.0 
-200.0 
-124.0 
-200.0 
-200.0 
-126.0 
-200.0 
-122.0 
-200.0 
-200.0 
-200.0 
-200.0 
