-200.0 
-200.0 
-200.0 
-200.0 
-200.0 
-200.0 
-200.0 
-200.0 
-200.0 
-200.0 
-200.0 
-200.0 
-200.0 
-200.0 
-200.0 
-200.0 
-200.0 
-200.0 
-200.0 
-200.0 
-200.0 
-200.0 
-200.0 
-200.0 
-200.0 
-200.0 
-200.0 
-200.0 
-200.0 
-200.0 
-200.0 
-200.0 
-200.0 
-200.0 
-200.0 
-200.0 
-200.0 
-200.0 
-200.0 
-200.0 
-200.0 
-200.0 
-200.0 
-200.0 
-200.0 
-200.0 
-200.0 
-200.0 
-200.0 
-200.0 
-200.0 
-200.0 
-200.0 
-200.0 
-200.0 
-200.0 
-200.0 
-200.0 
-200.0 
-200.0 
-200.0 
-200.0 
-200.0 
-200.0 
-200.0 
-200.0 
-200.0 
-200.0 
-200.0 
-200.0 
-200.0 
-200.0 
-200.0 
-200.0 
-200.0 
-200.0 
-200.0 
-200.0 
-200.0 
-200.0 
-200.0 
-200.0 
-200.0 
-200.0 
-200.0 
-200.0 
-200.0 
-200.0 
-200.0 
-200.0 
-200.0 
-200.0 
-200.0 
-200.0 
-200.0 
-200.0 
-200.0 
-200.0 
-200.0 
-200.0 
-200.0 
-200.0 
-200.0 
-200.0 
-200.0 
-200.0 
-200.0 
-159.0 
-200.0 
-200.0 
-200.0 
-200.0 
-200.0 
-200.0 
-196.0 
-200.0 
-200.0 
-175.0 
-200.0 
-162.0 
-200.0 
-200.0 
-200.0 
-159.0 
-161.0 
-167.0 
-161.0 
-200.0 
-198.0 
-154.0 
-200.0 
-166.0 
-163.0 
-157.0 
-171.0 
-162.0 
-166.0 
-200.0 
-157.0 
-200.0 
-152.0 
-170.0 
-200.0 
-170.0 
-147.0 
-138.0 
-200.0 
-135.0 
-174.0 
-200.0 
-165.0 
-132.0 
-152.0 
-128.0 
-166.0 
-200.0 
-157.0 
-200.0 
-147.0 
-155.0 
-200.0 
-166.0 
-152.0 
-176.0 
-161.0 
-200.0 
-194.0 
-160.0 
-108.0 
-167.0 
-200.0 
-168.0 
-126.0 
-155.0 
-152.0 
-183.0 
-121.0 
-170.0 
-132.0 
-167.0 
-176.0 
-200.0 
-141.0 
-132.0 
-118.0 
-191.0 
-129.0 
-114.0 
-164.0 
-140.0 
-200.0 
-154.0 
-200.0 
-119.0 
-136.0 
-158.0 
-147.0 
-200.0 
-184.0 
-148.0 
-124.0 
-124.0 
-109.0 
-117.0 
-159.0 
-200.0 
-157.0 
-138.0 
-126.0 
-168.0 
-154.0 
-191.0 
-122.0 
-171.0 
-147.0 
-187.0 
-193.0 
-185.0 
-94.0 
-114.0 
-113.0 
-115.0 
-110.0 
-122.0 
-156.0 
-112.0 
-115.0 
-157.0 
-196.0 
-151.0 
-137.0 
-115.0 
-193.0 
-143.0 
-186.0 
-111.0 
-110.0 
-121.0 
-150.0 
-199.0 
-144.0 
-103.0 
-112.0 
-165.0 
-200.0 
-149.0 
-111.0 
-116.0 
-117.0 
-174.0 
-195.0 
-146.0 
-110.0 
-111.0 
-168.0 
-182.0 
-152.0 
-165.0 
-100.0 
-114.0 
-123.0 
-113.0 
-182.0 
-115.0 
-106.0 
-117.0 
-158.0 
-184.0 
-168.0 
-140.0 
-112.0 
-182.0 
-109.0 
-110.0 
-120.0 
-125.0 
-171.0 
-171.0 
-150.0 
-141.0 
-109.0 
-110.0 
-109.0 
-111.0 
-159.0 
-110.0 
-121.0 
-109.0 
-112.0 
-112.0 
-112.0 
-176.0 
-110.0 
-182.0 
-139.0 
-144.0 
-108.0 
-109.0 
-163.0 
-191.0 
-148.0 
-105.0 
-111.0 
-164.0 
-121.0 
-110.0 
-112.0 
-90.0 
-113.0 
-109.0 
-109.0 
-107.0 
-107.0 
-160.0 
-113.0 
-164.0 
-111.0 
-151.0 
-200.0 
-112.0 
-112.0 
-106.0 
-136.0 
-161.0 
-110.0 
-95.0 
-112.0 
-149.0 
-152.0 
-111.0 
-148.0 
-111.0 
-153.0 
-109.0 
-145.0 
-110.0 
-113.0 
-87.0 
-108.0 
-106.0 
-111.0 
-111.0 
-144.0 
-148.0 
-105.0 
-109.0 
-111.0 
-110.0 
-107.0 
-111.0 
-137.0 
-110.0 
-107.0 
-108.0 
-109.0 
-145.0 
-167.0 
-169.0 
-172.0 
-108.0 
-108.0 
-108.0 
-145.0 
-111.0 
-108.0 
-170.0 
-111.0 
-109.0 
-108.0 
-167.0 
-110.0 
-112.0 
-108.0 
-110.0 
-111.0 
-108.0 
-107.0 
-112.0 
-110.0 
-152.0 
-185.0 
-157.0 
-113.0 
-138.0 
-191.0 
-106.0 
-107.0 
-148.0 
-110.0 
-109.0 
-111.0 
-112.0 
-108.0 
-109.0 
-157.0 
-109.0 
-110.0 
-154.0 
-172.0 
-107.0 
